----------------------- epoch 0---------------------------
-> Train Loss: 0.05052821152973015
-> Testing
-> Test Loss: 0.048029083251953125
345
976
1500
-> Accuracy of the top 1 23.0%
-> Accuracy of the top 5 65.06666666666666%
----------------------- epoch 1---------------------------
-> Train Loss: 0.04349378860575869
-> Testing
-> Test Loss: 0.04418640526135763
409
1085
1500
-> Accuracy of the top 1 27.266666666666666%
-> Accuracy of the top 5 72.33333333333333%
----------------------- epoch 2---------------------------
-> Train Loss: 0.03969117189372205
-> Testing
-> Test Loss: 0.03929642057418823
570
1209
1500
-> Accuracy of the top 1 38.0%
-> Accuracy of the top 5 80.6%
----------------------- epoch 3---------------------------
-> Train Loss: 0.03654460148196324
-> Testing
-> Test Loss: 0.038178418318430586
584
1187
1500
-> Accuracy of the top 1 38.93333333333333%
-> Accuracy of the top 5 79.13333333333334%
----------------------- epoch 4---------------------------
-> Train Loss: 0.03280496900804478
-> Testing
-> Test Loss: 0.03595057233174642
616
1232
1500
-> Accuracy of the top 1 41.06666666666667%
-> Accuracy of the top 5 82.13333333333334%
----------------------- epoch 5---------------------------
-> Train Loss: 0.03030676082949742
-> Testing
-> Test Loss: 0.03344134004910787
666
1287
1500
-> Accuracy of the top 1 44.4%
-> Accuracy of the top 5 85.8%
----------------------- epoch 6---------------------------
-> Train Loss: 0.028418158646204963
-> Testing
-> Test Loss: 0.03192517638206482
757
1288
1500
-> Accuracy of the top 1 50.46666666666667%
-> Accuracy of the top 5 85.86666666666666%
----------------------- epoch 7---------------------------
-> Train Loss: 0.026590465381117524
-> Testing
-> Test Loss: 0.03189188877741496
713
1301
1500
-> Accuracy of the top 1 47.53333333333333%
-> Accuracy of the top 5 86.73333333333333%
----------------------- epoch 8---------------------------
-> Train Loss: 0.025710972309911272
-> Testing
-> Test Loss: 0.031584893226623535
732
1308
1500
-> Accuracy of the top 1 48.8%
-> Accuracy of the top 5 87.2%
----------------------- epoch 9---------------------------
-> Train Loss: 0.02417776081430253
-> Testing
-> Test Loss: 0.029449161370595296
766
1348
1500
-> Accuracy of the top 1 51.06666666666667%
-> Accuracy of the top 5 89.86666666666666%
----------------------- epoch 10---------------------------
-> Train Loss: 0.02266810992654644
-> Testing
-> Test Loss: 0.02988443382581075
762
1322
1500
-> Accuracy of the top 1 50.8%
-> Accuracy of the top 5 88.13333333333334%
----------------------- epoch 11---------------------------
-> Train Loss: 0.022202171632392922
-> Testing
-> Test Loss: 0.027948129733403524
819
1354
1500
-> Accuracy of the top 1 54.6%
-> Accuracy of the top 5 90.26666666666667%
----------------------- epoch 12---------------------------
-> Train Loss: 0.0207220239056215
-> Testing
-> Test Loss: 0.027893276611963908
816
1364
1500
-> Accuracy of the top 1 54.4%
-> Accuracy of the top 5 90.93333333333334%
----------------------- epoch 13---------------------------
-> Train Loss: 0.019858680638036936
-> Testing
-> Test Loss: 0.027640440464019776
789
1375
1500
-> Accuracy of the top 1 52.6%
-> Accuracy of the top 5 91.66666666666667%
----------------------- epoch 14---------------------------
-> Train Loss: 0.019791298216112096
-> Testing
-> Test Loss: 0.027247782627741496
826
1384
1500
-> Accuracy of the top 1 55.06666666666667%
-> Accuracy of the top 5 92.26666666666667%
----------------------- epoch 15---------------------------
-> Train Loss: 0.018056349938039604
-> Testing
-> Test Loss: 0.02631307562192281
845
1388
1500
-> Accuracy of the top 1 56.333333333333336%
-> Accuracy of the top 5 92.53333333333333%
----------------------- epoch 16---------------------------
-> Train Loss: 0.01786953949648731
-> Testing
-> Test Loss: 0.02554042891661326
872
1393
1500
-> Accuracy of the top 1 58.13333333333333%
-> Accuracy of the top 5 92.86666666666666%
----------------------- epoch 17---------------------------
-> Train Loss: 0.01704567411237426
-> Testing
-> Test Loss: 0.026131392041842144
870
1380
1500
-> Accuracy of the top 1 58.0%
-> Accuracy of the top 5 92.0%
----------------------- epoch 18---------------------------
-> Train Loss: 0.01608489871624127
-> Testing
-> Test Loss: 0.026100673000017803
861
1389
1500
-> Accuracy of the top 1 57.4%
-> Accuracy of the top 5 92.6%
----------------------- epoch 19---------------------------
-> Train Loss: 0.015452063373185483
-> Testing
-> Test Loss: 0.02615820030371348
853
1401
1500
-> Accuracy of the top 1 56.86666666666667%
-> Accuracy of the top 5 93.4%
----------------------- epoch 20---------------------------
-> Train Loss: 0.015666559563210263
-> Testing
-> Test Loss: 0.02652608911196391
867
1390
1500
-> Accuracy of the top 1 57.8%
-> Accuracy of the top 5 92.66666666666667%
----------------------- epoch 21---------------------------
-> Train Loss: 0.015292320139643734
-> Testing
-> Test Loss: 0.02522733215490977
896
1393
1500
-> Accuracy of the top 1 59.733333333333334%
-> Accuracy of the top 5 92.86666666666666%
----------------------- epoch 22---------------------------
-> Train Loss: 0.014770444713445564
-> Testing
-> Test Loss: 0.025133066574732462
897
1407
1500
-> Accuracy of the top 1 59.8%
-> Accuracy of the top 5 93.8%
----------------------- epoch 23---------------------------
-> Train Loss: 0.013783936424670707
-> Testing
-> Test Loss: 0.025562134981155397
888
1414
1500
-> Accuracy of the top 1 59.2%
-> Accuracy of the top 5 94.26666666666667%
----------------------- epoch 24---------------------------
-> Train Loss: 0.01397153164074449
-> Testing
-> Test Loss: 0.024237360715866088
909
1417
1500
-> Accuracy of the top 1 60.6%
-> Accuracy of the top 5 94.46666666666667%
----------------------- epoch 25---------------------------
-> Train Loss: 0.012782077943060665
-> Testing
-> Test Loss: 0.024650845567385355
909
1409
1500
-> Accuracy of the top 1 60.6%
-> Accuracy of the top 5 93.93333333333334%
----------------------- epoch 26---------------------------
-> Train Loss: 0.012196782535843713
-> Testing
-> Test Loss: 0.024572755376497904
926
1407
1500
-> Accuracy of the top 1 61.733333333333334%
-> Accuracy of the top 5 93.8%
----------------------- epoch 27---------------------------
-> Train Loss: 0.012167944361017377
-> Testing
-> Test Loss: 0.025720256129900615
902
1411
1500
-> Accuracy of the top 1 60.13333333333333%
-> Accuracy of the top 5 94.06666666666666%
----------------------- epoch 28---------------------------
-> Train Loss: 0.012345271643681741
-> Testing
-> Test Loss: 0.025866222103436788
921
1388
1500
-> Accuracy of the top 1 61.4%
-> Accuracy of the top 5 92.53333333333333%
----------------------- epoch 29---------------------------
-> Train Loss: 0.01114555555372382
-> Testing
-> Test Loss: 0.02506951340039571
900
1414
1500
-> Accuracy of the top 1 60.0%
-> Accuracy of the top 5 94.26666666666667%
----------------------- epoch 0---------------------------
-> Train Loss: 0.05423644072246711
-> Testing
-> Test Loss: 0.05417473570505778
109
529
1500
-> Accuracy of the top 1 7.266666666666667%
-> Accuracy of the top 5 35.266666666666666%
----------------------- epoch 1---------------------------
-> Train Loss: 0.053614311202287275
-> Testing
-> Test Loss: 0.054567241509755456
117
532
1500
-> Accuracy of the top 1 7.8%
-> Accuracy of the top 5 35.46666666666667%
----------------------- epoch 2---------------------------
-> Train Loss: 0.05330499452562188
-> Testing
-> Test Loss: 0.054529104073842365
131
558
1500
-> Accuracy of the top 1 8.733333333333333%
-> Accuracy of the top 5 37.2%
----------------------- epoch 3---------------------------
-> Train Loss: 0.052927591093820545
-> Testing
-> Test Loss: 0.05414158964157104
159
594
1500
-> Accuracy of the top 1 10.6%
-> Accuracy of the top 5 39.6%
----------------------- epoch 4---------------------------
-> Train Loss: 0.052185969376683836
-> Testing
-> Test Loss: 0.052956626574198404
206
656
1500
-> Accuracy of the top 1 13.733333333333333%
-> Accuracy of the top 5 43.733333333333334%
----------------------- epoch 5---------------------------
-> Train Loss: 0.05027228088634497
-> Testing
-> Test Loss: 0.05076526149113973
251
822
1500
-> Accuracy of the top 1 16.733333333333334%
-> Accuracy of the top 5 54.8%
----------------------- epoch 6---------------------------
-> Train Loss: 0.04795173664188864
-> Testing
-> Test Loss: 0.04897668965657552
309
897
1500
-> Accuracy of the top 1 20.6%
-> Accuracy of the top 5 59.8%
----------------------- epoch 7---------------------------
-> Train Loss: 0.04615815895885678
-> Testing
-> Test Loss: 0.047235927740732826
320
945
1500
-> Accuracy of the top 1 21.333333333333332%
-> Accuracy of the top 5 63.0%
----------------------- epoch 8---------------------------
-> Train Loss: 0.0446737600531011
-> Testing
-> Test Loss: 0.04558746862411499
380
991
1500
-> Accuracy of the top 1 25.333333333333332%
-> Accuracy of the top 5 66.06666666666666%
----------------------- epoch 9---------------------------
-> Train Loss: 0.04315859904041642
-> Testing
-> Test Loss: 0.04387130602200826
428
1059
1500
-> Accuracy of the top 1 28.533333333333335%
-> Accuracy of the top 5 70.6%
----------------------- epoch 10---------------------------
-> Train Loss: 0.04169133991452318
-> Testing
-> Test Loss: 0.043411216020584106
455
1065
1500
-> Accuracy of the top 1 30.333333333333332%
-> Accuracy of the top 5 71.0%
----------------------- epoch 11---------------------------
-> Train Loss: 0.04050517042278245
-> Testing
-> Test Loss: 0.04140466300646464
505
1109
1500
-> Accuracy of the top 1 33.666666666666664%
-> Accuracy of the top 5 73.93333333333334%
----------------------- epoch 12---------------------------
-> Train Loss: 0.038526627007041944
-> Testing
-> Test Loss: 0.0401462238629659
519
1158
1500
-> Accuracy of the top 1 34.6%
-> Accuracy of the top 5 77.2%
----------------------- epoch 13---------------------------
-> Train Loss: 0.03707831924285122
-> Testing
-> Test Loss: 0.03839343372980754
567
1181
1500
-> Accuracy of the top 1 37.8%
-> Accuracy of the top 5 78.73333333333333%
----------------------- epoch 14---------------------------
-> Train Loss: 0.035916918805695856
-> Testing
-> Test Loss: 0.03842290703455607
557
1179
1500
-> Accuracy of the top 1 37.13333333333333%
-> Accuracy of the top 5 78.6%
----------------------- epoch 15---------------------------
-> Train Loss: 0.034375033506396625
-> Testing
-> Test Loss: 0.035565338134765624
625
1260
1500
-> Accuracy of the top 1 41.666666666666664%
-> Accuracy of the top 5 84.0%
----------------------- epoch 16---------------------------
-> Train Loss: 0.03278089811654147
-> Testing
-> Test Loss: 0.0344804405371348
664
1257
1500
-> Accuracy of the top 1 44.266666666666666%
-> Accuracy of the top 5 83.8%
----------------------- epoch 17---------------------------
-> Train Loss: 0.03086287859496559
-> Testing
-> Test Loss: 0.03559922703107198
636
1253
1500
-> Accuracy of the top 1 42.4%
-> Accuracy of the top 5 83.53333333333333%
----------------------- epoch 18---------------------------
-> Train Loss: 0.030355308243577406
-> Testing
-> Test Loss: 0.03222773249944051
705
1332
1500
-> Accuracy of the top 1 47.0%
-> Accuracy of the top 5 88.8%
----------------------- epoch 19---------------------------
-> Train Loss: 0.028559816083317025
-> Testing
-> Test Loss: 0.031630096673965456
744
1321
1500
-> Accuracy of the top 1 49.6%
-> Accuracy of the top 5 88.06666666666666%
----------------------- epoch 20---------------------------
-> Train Loss: 0.02824523638640616
-> Testing
-> Test Loss: 0.029932836214701334
750
1352
1500
-> Accuracy of the top 1 50.0%
-> Accuracy of the top 5 90.13333333333334%
----------------------- epoch 21---------------------------
-> Train Loss: 0.02740634673803895
-> Testing
-> Test Loss: 0.03380219038327535
673
1307
1500
-> Accuracy of the top 1 44.86666666666667%
-> Accuracy of the top 5 87.13333333333334%
----------------------- epoch 22---------------------------
-> Train Loss: 0.02747130853247203
-> Testing
-> Test Loss: 0.02952389105161031
756
1359
1500
-> Accuracy of the top 1 50.4%
-> Accuracy of the top 5 90.6%
----------------------- epoch 23---------------------------
-> Train Loss: 0.026119708176234258
-> Testing
-> Test Loss: 0.02873036766052246
780
1359
1500
-> Accuracy of the top 1 52.0%
-> Accuracy of the top 5 90.6%
----------------------- epoch 24---------------------------
-> Train Loss: 0.024720702219249015
-> Testing
-> Test Loss: 0.027553241968154906
803
1376
1500
-> Accuracy of the top 1 53.53333333333333%
-> Accuracy of the top 5 91.73333333333333%
----------------------- epoch 25---------------------------
-> Train Loss: 0.025029856415849237
-> Testing
-> Test Loss: 0.029348421335220337
766
1368
1500
-> Accuracy of the top 1 51.06666666666667%
-> Accuracy of the top 5 91.2%
----------------------- epoch 26---------------------------
-> Train Loss: 0.024194665310570542
-> Testing
-> Test Loss: 0.026414976994196575
840
1384
1500
-> Accuracy of the top 1 56.0%
-> Accuracy of the top 5 92.26666666666667%
----------------------- epoch 27---------------------------
-> Train Loss: 0.02406339745226018
-> Testing
-> Test Loss: 0.026237736503283184
830
1394
1500
-> Accuracy of the top 1 55.333333333333336%
-> Accuracy of the top 5 92.93333333333334%
----------------------- epoch 28---------------------------
-> Train Loss: 0.023002966943897394
-> Testing
-> Test Loss: 0.02723242171605428
786
1384
1500
-> Accuracy of the top 1 52.4%
-> Accuracy of the top 5 92.26666666666667%
----------------------- epoch 29---------------------------
-> Train Loss: 0.022041846020537204
-> Testing
-> Test Loss: 0.02532920269171397
856
1404
1500
-> Accuracy of the top 1 57.06666666666667%
-> Accuracy of the top 5 93.6%
----------------------- epoch 0---------------------------
-> Train Loss: 0.13585200796973965
-> Testing
-> Test Loss: 0.13543019739786785
97
551
1500
-> Accuracy of the top 1 6.466666666666667%
-> Accuracy of the top 5 36.733333333333334%
----------------------- epoch 1---------------------------
-> Train Loss: 0.13519975807598889
-> Testing
-> Test Loss: 0.13552185424168905
98
557
1500
-> Accuracy of the top 1 6.533333333333333%
-> Accuracy of the top 5 37.13333333333333%
----------------------- epoch 2---------------------------
-> Train Loss: 0.13412443061969187
-> Testing
-> Test Loss: 0.136753484249115
121
500
1500
-> Accuracy of the top 1 8.066666666666666%
-> Accuracy of the top 5 33.333333333333336%
----------------------- epoch 3---------------------------
-> Train Loss: 0.1330508492500139
-> Testing
-> Test Loss: 0.13581747086842855
148
560
1500
-> Accuracy of the top 1 9.866666666666667%
-> Accuracy of the top 5 37.333333333333336%
----------------------- epoch 4---------------------------
-> Train Loss: 0.13165108147178664
-> Testing
-> Test Loss: 0.13410802427927654
152
595
1500
-> Accuracy of the top 1 10.133333333333333%
-> Accuracy of the top 5 39.666666666666664%
----------------------- epoch 5---------------------------
-> Train Loss: 0.12750931544918911
-> Testing
-> Test Loss: 0.13047493569056193
181
732
1500
-> Accuracy of the top 1 12.066666666666666%
-> Accuracy of the top 5 48.8%
----------------------- epoch 6---------------------------
-> Train Loss: 0.1236874661852966
-> Testing
-> Test Loss: 0.12618080139160157
264
797
1500
-> Accuracy of the top 1 17.6%
-> Accuracy of the top 5 53.13333333333333%
----------------------- epoch 7---------------------------
-> Train Loss: 0.12031662627879898
-> Testing
-> Test Loss: 0.12279290199279785
284
866
1500
-> Accuracy of the top 1 18.933333333333334%
-> Accuracy of the top 5 57.733333333333334%
----------------------- epoch 8---------------------------
-> Train Loss: 0.11471067257662315
-> Testing
-> Test Loss: 0.1170515353679657
347
950
1500
-> Accuracy of the top 1 23.133333333333333%
-> Accuracy of the top 5 63.333333333333336%
----------------------- epoch 9---------------------------
-> Train Loss: 0.10877372527641667
-> Testing
-> Test Loss: 0.10984393445650736
380
1052
1500
-> Accuracy of the top 1 25.333333333333332%
-> Accuracy of the top 5 70.13333333333334%
----------------------- epoch 10---------------------------
-> Train Loss: 0.10485853709567532
-> Testing
-> Test Loss: 0.11042390521367391
416
1039
1500
-> Accuracy of the top 1 27.733333333333334%
-> Accuracy of the top 5 69.26666666666667%
----------------------- epoch 11---------------------------
-> Train Loss: 0.10049043620251731
-> Testing
-> Test Loss: 0.10359306462605794
477
1105
1500
-> Accuracy of the top 1 31.8%
-> Accuracy of the top 5 73.66666666666667%
----------------------- epoch 12---------------------------
-> Train Loss: 0.09304731842660824
-> Testing
-> Test Loss: 0.09417644588152567
520
1210
1500
-> Accuracy of the top 1 34.666666666666664%
-> Accuracy of the top 5 80.66666666666667%
----------------------- epoch 13---------------------------
-> Train Loss: 0.08804030148827251
-> Testing
-> Test Loss: 0.09125070126851399
585
1267
1500
-> Accuracy of the top 1 39.0%
-> Accuracy of the top 5 84.46666666666667%
----------------------- epoch 14---------------------------
-> Train Loss: 0.08487714742695666
-> Testing
-> Test Loss: 0.0936482052008311
535
1225
1500
-> Accuracy of the top 1 35.666666666666664%
-> Accuracy of the top 5 81.66666666666667%
----------------------- epoch 15---------------------------
-> Train Loss: 0.0800048866463666
-> Testing
-> Test Loss: 0.09560341350237528
556
1177
1500
-> Accuracy of the top 1 37.06666666666667%
-> Accuracy of the top 5 78.46666666666667%
----------------------- epoch 16---------------------------
-> Train Loss: 0.0770943498891003
-> Testing
-> Test Loss: 0.07668549013137817
726
1355
1500
-> Accuracy of the top 1 48.4%
-> Accuracy of the top 5 90.33333333333333%
----------------------- epoch 17---------------------------
-> Train Loss: 0.0781467573926277
-> Testing
-> Test Loss: 0.09619384209314982
543
1220
1500
-> Accuracy of the top 1 36.2%
-> Accuracy of the top 5 81.33333333333333%
----------------------- epoch 18---------------------------
-> Train Loss: 0.07461632518113358
-> Testing
-> Test Loss: 0.07830285541216532
678
1338
1500
-> Accuracy of the top 1 45.2%
-> Accuracy of the top 5 89.2%
----------------------- epoch 19---------------------------
-> Train Loss: 0.0688957973740608
-> Testing
-> Test Loss: 0.08149185923735301
665
1323
1500
-> Accuracy of the top 1 44.333333333333336%
-> Accuracy of the top 5 88.2%
----------------------- epoch 20---------------------------
-> Train Loss: 0.06925084984282552
-> Testing
-> Test Loss: 0.07192715632915497
745
1384
1500
-> Accuracy of the top 1 49.666666666666664%
-> Accuracy of the top 5 92.26666666666667%
----------------------- epoch 21---------------------------
-> Train Loss: 0.06425455315428563
-> Testing
-> Test Loss: 0.0689991945028305
780
1393
1500
-> Accuracy of the top 1 52.0%
-> Accuracy of the top 5 92.86666666666666%
----------------------- epoch 22---------------------------
-> Train Loss: 0.0640581991804305
-> Testing
-> Test Loss: 0.06436765559514364
829
1399
1500
-> Accuracy of the top 1 55.266666666666666%
-> Accuracy of the top 5 93.26666666666667%
----------------------- epoch 23---------------------------
-> Train Loss: 0.06020634733452469
-> Testing
-> Test Loss: 0.06460760633150736
843
1403
1500
-> Accuracy of the top 1 56.2%
-> Accuracy of the top 5 93.53333333333333%
----------------------- epoch 24---------------------------
-> Train Loss: 0.05706358846507879
-> Testing
-> Test Loss: 0.06199285757541657
857
1405
1500
-> Accuracy of the top 1 57.13333333333333%
-> Accuracy of the top 5 93.66666666666667%
----------------------- epoch 25---------------------------
-> Train Loss: 0.055890398987972954
-> Testing
-> Test Loss: 0.05887662776311239
887
1433
1500
-> Accuracy of the top 1 59.13333333333333%
-> Accuracy of the top 5 95.53333333333333%
----------------------- epoch 26---------------------------
-> Train Loss: 0.05173915097461873
-> Testing
-> Test Loss: 0.06622129865487417
815
1413
1500
-> Accuracy of the top 1 54.333333333333336%
-> Accuracy of the top 5 94.2%
----------------------- epoch 27---------------------------
-> Train Loss: 0.04906414253028793
-> Testing
-> Test Loss: 0.05641687349478404
943
1423
1500
-> Accuracy of the top 1 62.86666666666667%
-> Accuracy of the top 5 94.86666666666666%
----------------------- epoch 28---------------------------
-> Train Loss: 0.04929936369459833
-> Testing
-> Test Loss: 0.05424042830864589
942
1438
1500
-> Accuracy of the top 1 62.8%
-> Accuracy of the top 5 95.86666666666666%
----------------------- epoch 29---------------------------
-> Train Loss: 0.044584238728885874
-> Testing
-> Test Loss: 0.052246898114681244
965
1442
1500
-> Accuracy of the top 1 64.33333333333333%
-> Accuracy of the top 5 96.13333333333334%
----------------------- epoch 0---------------------------
-> Train Loss: 0.02190359736008061
-> Testing
-> Test Loss: 0.012907724241415659
1239
1492
1500
-> Accuracy of the top 1 82.6%
-> Accuracy of the top 5 99.46666666666667%
----------------------- epoch 1---------------------------
-> Train Loss: 0.00974001132663171
-> Testing
-> Test Loss: 0.011843791862328847
1263
1492
1500
-> Accuracy of the top 1 84.2%
-> Accuracy of the top 5 99.46666666666667%
----------------------- epoch 2---------------------------
-> Train Loss: 0.008525236572452527
-> Testing
-> Test Loss: 0.010979087829589843
1281
1494
1500
-> Accuracy of the top 1 85.4%
-> Accuracy of the top 5 99.6%
----------------------- epoch 3---------------------------
-> Train Loss: 0.007387867120642159
-> Testing
-> Test Loss: 0.010832522720098495
1275
1496
1500
-> Accuracy of the top 1 85.0%
-> Accuracy of the top 5 99.73333333333333%
----------------------- epoch 4---------------------------
-> Train Loss: 0.006837550267402451
-> Testing
-> Test Loss: 0.011134147971868515
1268
1498
1500
-> Accuracy of the top 1 84.53333333333333%
-> Accuracy of the top 5 99.86666666666666%
----------------------- epoch 5---------------------------
-> Train Loss: 0.006383363355943306
-> Testing
-> Test Loss: 0.010349439084529876
1280
1497
1500
-> Accuracy of the top 1 85.33333333333333%
-> Accuracy of the top 5 99.8%
----------------------- epoch 6---------------------------
-> Train Loss: 0.006099092219043617
-> Testing
-> Test Loss: 0.010845188011725744
1278
1495
1500
-> Accuracy of the top 1 85.2%
-> Accuracy of the top 5 99.66666666666667%
----------------------- epoch 7---------------------------
-> Train Loss: 0.005612270583958682
-> Testing
-> Test Loss: 0.010858249813318253
1290
1494
1500
-> Accuracy of the top 1 86.0%
-> Accuracy of the top 5 99.6%
----------------------- epoch 8---------------------------
-> Train Loss: 0.005638180852834903
-> Testing
-> Test Loss: 0.010900556166966757
1279
1497
1500
-> Accuracy of the top 1 85.26666666666667%
-> Accuracy of the top 5 99.8%
----------------------- epoch 9---------------------------
-> Train Loss: 0.005222474254505519
-> Testing
-> Test Loss: 0.010528644621372223
1274
1494
1500
-> Accuracy of the top 1 84.93333333333334%
-> Accuracy of the top 5 99.6%
----------------------- epoch 10---------------------------
-> Train Loss: 0.005064866605715536
-> Testing
-> Test Loss: 0.010657198210557302
1287
1495
1500
-> Accuracy of the top 1 85.8%
-> Accuracy of the top 5 99.66666666666667%
----------------------- epoch 11---------------------------
-> Train Loss: 0.004830489703259076
-> Testing
-> Test Loss: 0.011303540180126826
1265
1492
1500
-> Accuracy of the top 1 84.33333333333333%
-> Accuracy of the top 5 99.46666666666667%
----------------------- epoch 12---------------------------
-> Train Loss: 0.004397850175399077
-> Testing
-> Test Loss: 0.010468177924553554
1277
1495
1500
-> Accuracy of the top 1 85.13333333333334%
-> Accuracy of the top 5 99.66666666666667%
----------------------- epoch 13---------------------------
-> Train Loss: 0.0042891288822020715
-> Testing
-> Test Loss: 0.010360339552164078
1278
1498
1500
-> Accuracy of the top 1 85.2%
-> Accuracy of the top 5 99.86666666666666%
----------------------- epoch 14---------------------------
-> Train Loss: 0.004307197039350992
-> Testing
-> Test Loss: 0.010234101464351018
1298
1494
1500
-> Accuracy of the top 1 86.53333333333333%
-> Accuracy of the top 5 99.6%
----------------------- epoch 15---------------------------
-> Train Loss: 0.004571214954757211
-> Testing
-> Test Loss: 0.01002867050965627
1298
1494
1500
-> Accuracy of the top 1 86.53333333333333%
-> Accuracy of the top 5 99.6%
----------------------- epoch 16---------------------------
-> Train Loss: 0.003979753561854562
-> Testing
-> Test Loss: 0.010598775178194046
1281
1496
1500
-> Accuracy of the top 1 85.4%
-> Accuracy of the top 5 99.73333333333333%
----------------------- epoch 17---------------------------
-> Train Loss: 0.004092745104776555
-> Testing
-> Test Loss: 0.010730781028668085
1291
1496
1500
-> Accuracy of the top 1 86.06666666666666%
-> Accuracy of the top 5 99.73333333333333%
----------------------- epoch 18---------------------------
-> Train Loss: 0.003795401794427204
-> Testing
-> Test Loss: 0.010686190019051234
1293
1497
1500
-> Accuracy of the top 1 86.2%
-> Accuracy of the top 5 99.8%
----------------------- epoch 19---------------------------
-> Train Loss: 0.004017625322293996
-> Testing
-> Test Loss: 0.011638743579387665
1281
1494
1500
-> Accuracy of the top 1 85.4%
-> Accuracy of the top 5 99.6%
----------------------- epoch 20---------------------------
-> Train Loss: 0.003789184834040589
-> Testing
-> Test Loss: 0.011191152453422547
1271
1494
1500
-> Accuracy of the top 1 84.73333333333333%
-> Accuracy of the top 5 99.6%
----------------------- epoch 21---------------------------
-> Train Loss: 0.003520628310727514
-> Testing
-> Test Loss: 0.010051176687081656
1293
1498
1500
-> Accuracy of the top 1 86.2%
-> Accuracy of the top 5 99.86666666666666%
----------------------- epoch 22---------------------------
-> Train Loss: 0.0034687566597457705
-> Testing
-> Test Loss: 0.01122435497244199
1278
1492
1500
-> Accuracy of the top 1 85.2%
-> Accuracy of the top 5 99.46666666666667%
----------------------- epoch 23---------------------------
-> Train Loss: 0.0032598090961800147
-> Testing
-> Test Loss: 0.01055508718887965
1287
1500
1500
-> Accuracy of the top 1 85.8%
-> Accuracy of the top 5 100.0%
----------------------- epoch 24---------------------------
-> Train Loss: 0.0034833862204447863
-> Testing
-> Test Loss: 0.010995986918608348
1281
1498
1500
-> Accuracy of the top 1 85.4%
-> Accuracy of the top 5 99.86666666666666%
----------------------- epoch 25---------------------------
-> Train Loss: 0.0034551433145600546
-> Testing
-> Test Loss: 0.010992537677288056
1285
1496
1500
-> Accuracy of the top 1 85.66666666666667%
-> Accuracy of the top 5 99.73333333333333%
----------------------- epoch 26---------------------------
-> Train Loss: 0.00329227975040824
-> Testing
-> Test Loss: 0.010719987571239471
1279
1496
1500
-> Accuracy of the top 1 85.26666666666667%
-> Accuracy of the top 5 99.73333333333333%
----------------------- epoch 27---------------------------
-> Train Loss: 0.003146572297492019
-> Testing
-> Test Loss: 0.010966181958715121
1279
1496
1500
-> Accuracy of the top 1 85.26666666666667%
-> Accuracy of the top 5 99.73333333333333%
----------------------- epoch 28---------------------------
-> Train Loss: 0.003143252770555279
-> Testing
-> Test Loss: 0.010004686345656712
1298
1499
1500
-> Accuracy of the top 1 86.53333333333333%
-> Accuracy of the top 5 99.93333333333334%
----------------------- epoch 29---------------------------
-> Train Loss: 0.003169197577926981
-> Testing
-> Test Loss: 0.012012183298667272
1268
1495
1500
-> Accuracy of the top 1 84.53333333333333%
-> Accuracy of the top 5 99.66666666666667%
----------------------- epoch 0---------------------------
-> Train Loss: 0.021771034653262678
-> Testing
-> Test Loss: 0.01239265854159991
1236
1493
1500
-> Accuracy of the top 1 82.4%
-> Accuracy of the top 5 99.53333333333333%
----------------------- epoch 1---------------------------
-> Train Loss: 0.009782453388025613
-> Testing
-> Test Loss: 0.01358077343304952
1231
1494
1500
-> Accuracy of the top 1 82.06666666666666%
-> Accuracy of the top 5 99.6%
----------------------- epoch 2---------------------------
-> Train Loss: 0.007098317837695181
-> Testing
-> Test Loss: 0.011408283273379009
1271
1493
1500
-> Accuracy of the top 1 84.73333333333333%
-> Accuracy of the top 5 99.53333333333333%
----------------------- epoch 3---------------------------
-> Train Loss: 0.006189256839117213
-> Testing
-> Test Loss: 0.012949219117561975
1249
1494
1500
-> Accuracy of the top 1 83.26666666666667%
-> Accuracy of the top 5 99.6%
----------------------- epoch 4---------------------------
-> Train Loss: 0.0050099096168924615
-> Testing
-> Test Loss: 0.010062119230628013
1293
1495
1500
-> Accuracy of the top 1 86.2%
-> Accuracy of the top 5 99.66666666666667%
----------------------- epoch 5---------------------------
-> Train Loss: 0.004110894805222899
-> Testing
-> Test Loss: 0.011476322770118714
1275
1494
1500
-> Accuracy of the top 1 85.0%
-> Accuracy of the top 5 99.6%
----------------------- epoch 6---------------------------
-> Train Loss: 0.003178528013640712
-> Testing
-> Test Loss: 0.011585014323393504
1275
1495
1500
-> Accuracy of the top 1 85.0%
-> Accuracy of the top 5 99.66666666666667%
----------------------- epoch 7---------------------------
-> Train Loss: 0.003048864982310851
-> Testing
-> Test Loss: 0.010523215879996618
1318
1496
1500
-> Accuracy of the top 1 87.86666666666666%
-> Accuracy of the top 5 99.73333333333333%
----------------------- epoch 8---------------------------
-> Train Loss: 0.003049510440335202
-> Testing
-> Test Loss: 0.010958523700634638
1302
1493
1500
-> Accuracy of the top 1 86.8%
-> Accuracy of the top 5 99.53333333333333%
----------------------- epoch 9---------------------------
-> Train Loss: 0.00208333624773339
-> Testing
-> Test Loss: 0.010888245473305384
1313
1496
1500
-> Accuracy of the top 1 87.53333333333333%
-> Accuracy of the top 5 99.73333333333333%
----------------------- epoch 10---------------------------
-> Train Loss: 0.0021975862074462412
-> Testing
-> Test Loss: 0.014631462583939235
1252
1496
1500
-> Accuracy of the top 1 83.46666666666667%
-> Accuracy of the top 5 99.73333333333333%
----------------------- epoch 11---------------------------
-> Train Loss: 0.0016176373680657277
-> Testing
-> Test Loss: 0.01150943161547184
1310
1494
1500
-> Accuracy of the top 1 87.33333333333333%
-> Accuracy of the top 5 99.6%
----------------------- epoch 12---------------------------
-> Train Loss: 0.0012856655807189107
-> Testing
-> Test Loss: 0.01149518403907617
1317
1495
1500
-> Accuracy of the top 1 87.8%
-> Accuracy of the top 5 99.66666666666667%
----------------------- epoch 13---------------------------
-> Train Loss: 0.001663430247352875
-> Testing
-> Test Loss: 0.013529501269261042
1298
1494
1500
-> Accuracy of the top 1 86.53333333333333%
-> Accuracy of the top 5 99.6%
----------------------- epoch 14---------------------------
-> Train Loss: 0.0013060592870747475
-> Testing
-> Test Loss: 0.011929548730452856
1313
1497
1500
-> Accuracy of the top 1 87.53333333333333%
-> Accuracy of the top 5 99.8%
----------------------- epoch 15---------------------------
-> Train Loss: 0.0010660379534584144
-> Testing
-> Test Loss: 0.012271716023484865
1308
1495
1500
-> Accuracy of the top 1 87.2%
-> Accuracy of the top 5 99.66666666666667%
----------------------- epoch 16---------------------------
-> Train Loss: 0.0009940454573721517
-> Testing
-> Test Loss: 0.011673807377616564
1325
1496
1500
-> Accuracy of the top 1 88.33333333333333%
-> Accuracy of the top 5 99.73333333333333%
----------------------- epoch 17---------------------------
-> Train Loss: 0.0007155195139878908
-> Testing
-> Test Loss: 0.012250467707713444
1310
1496
1500
-> Accuracy of the top 1 87.33333333333333%
-> Accuracy of the top 5 99.73333333333333%
----------------------- epoch 18---------------------------
-> Train Loss: 0.0008770396226277603
-> Testing
-> Test Loss: 0.01226545595129331
1323
1499
1500
-> Accuracy of the top 1 88.2%
-> Accuracy of the top 5 99.93333333333334%
----------------------- epoch 19---------------------------
-> Train Loss: 0.0012072263669278753
-> Testing
-> Test Loss: 0.01422768007715543
1291
1493
1500
-> Accuracy of the top 1 86.06666666666666%
-> Accuracy of the top 5 99.53333333333333%
----------------------- epoch 20---------------------------
-> Train Loss: 0.0010047783976860681
-> Testing
-> Test Loss: 0.015022939711809158
1286
1495
1500
-> Accuracy of the top 1 85.73333333333333%
-> Accuracy of the top 5 99.66666666666667%
----------------------- epoch 21---------------------------
-> Train Loss: 0.0006515940960958426
-> Testing
-> Test Loss: 0.013307900567849477
1307
1492
1500
-> Accuracy of the top 1 87.13333333333334%
-> Accuracy of the top 5 99.46666666666667%
----------------------- epoch 22---------------------------
-> Train Loss: 0.00041306486448438424
-> Testing
-> Test Loss: 0.012571727608640988
1330
1495
1500
-> Accuracy of the top 1 88.66666666666667%
-> Accuracy of the top 5 99.66666666666667%
----------------------- epoch 23---------------------------
-> Train Loss: 0.0006919398677646115
-> Testing
-> Test Loss: 0.016536361982425054
1267
1495
1500
-> Accuracy of the top 1 84.46666666666667%
-> Accuracy of the top 5 99.66666666666667%
----------------------- epoch 24---------------------------
-> Train Loss: 0.0007131586252037791
-> Testing
-> Test Loss: 0.013277570605278016
1299
1496
1500
-> Accuracy of the top 1 86.6%
-> Accuracy of the top 5 99.73333333333333%
----------------------- epoch 25---------------------------
-> Train Loss: 0.0005856409731322597
-> Testing
-> Test Loss: 0.013045182853937149
1292
1493
1500
-> Accuracy of the top 1 86.13333333333334%
-> Accuracy of the top 5 99.53333333333333%
----------------------- epoch 26---------------------------
-> Train Loss: 0.000598297643645275
-> Testing
-> Test Loss: 0.013532070075472196
1313
1491
1500
-> Accuracy of the top 1 87.53333333333333%
-> Accuracy of the top 5 99.4%
----------------------- epoch 27---------------------------
-> Train Loss: 0.0003887363774054551
-> Testing
-> Test Loss: 0.015243100782235463
1275
1495
1500
-> Accuracy of the top 1 85.0%
-> Accuracy of the top 5 99.66666666666667%
----------------------- epoch 28---------------------------
-> Train Loss: 0.0004654892641891861
-> Testing
-> Test Loss: 0.01406673642496268
1305
1495
1500
-> Accuracy of the top 1 87.0%
-> Accuracy of the top 5 99.66666666666667%
----------------------- epoch 29---------------------------
-> Train Loss: 0.00038836232288639173
-> Testing
-> Test Loss: 0.013807168419162432
1310
1493
1500
-> Accuracy of the top 1 87.33333333333333%
-> Accuracy of the top 5 99.53333333333333%
Total Time: 7205.995887756348
