----------------------- epoch 0---------------------------
-> Train Loss: 0.23035618675813405
-> Testing
-> Test Loss: 0.20034184630711874
512
1197
1500
-> Accuracy of the top 1 34.13333333333333%
-> Accuracy of the top 5 79.8%
----------------------- epoch 1---------------------------
-> Train Loss: 0.17105411027544107
-> Testing
-> Test Loss: 0.1646400713523229
686
1291
1500
-> Accuracy of the top 1 45.733333333333334%
-> Accuracy of the top 5 86.06666666666666%
----------------------- epoch 2---------------------------
-> Train Loss: 0.1462009876017994
-> Testing
-> Test Loss: 0.18650122193495433
559
1258
1500
-> Accuracy of the top 1 37.266666666666666%
-> Accuracy of the top 5 83.86666666666666%
----------------------- epoch 3---------------------------
-> Train Loss: 0.13322255748200856
-> Testing
-> Test Loss: 0.1394957926273346
800
1365
1500
-> Accuracy of the top 1 53.333333333333336%
-> Accuracy of the top 5 91.0%
----------------------- epoch 4---------------------------
-> Train Loss: 0.11767492643752489
-> Testing
-> Test Loss: 0.13257049938042959
829
1385
1500
-> Accuracy of the top 1 55.266666666666666%
-> Accuracy of the top 5 92.33333333333333%
----------------------- epoch 5---------------------------
-> Train Loss: 0.10703194106443843
-> Testing
-> Test Loss: 0.13268458340565364
827
1392
1500
-> Accuracy of the top 1 55.13333333333333%
-> Accuracy of the top 5 92.8%
----------------------- epoch 6---------------------------
-> Train Loss: 0.09438712218498664
-> Testing
-> Test Loss: 0.1319619947274526
865
1396
1500
-> Accuracy of the top 1 57.666666666666664%
-> Accuracy of the top 5 93.06666666666666%
----------------------- epoch 7---------------------------
-> Train Loss: 0.09039274157591201
-> Testing
-> Test Loss: 0.1295633724530538
873
1402
1500
-> Accuracy of the top 1 58.2%
-> Accuracy of the top 5 93.46666666666667%
----------------------- epoch 8---------------------------
-> Train Loss: 0.08139201559413418
-> Testing
-> Test Loss: 0.1274040832122167
885
1421
1500
-> Accuracy of the top 1 59.0%
-> Accuracy of the top 5 94.73333333333333%
----------------------- epoch 9---------------------------
-> Train Loss: 0.07271396505523167
-> Testing
-> Test Loss: 0.12847549122571944
918
1399
1500
-> Accuracy of the top 1 61.2%
-> Accuracy of the top 5 93.26666666666667%
----------------------- epoch 10---------------------------
-> Train Loss: 0.06934145133149884
-> Testing
-> Test Loss: 0.12887504733602206
888
1401
1500
-> Accuracy of the top 1 59.2%
-> Accuracy of the top 5 93.4%
----------------------- epoch 11---------------------------
-> Train Loss: 0.059712194597701135
-> Testing
-> Test Loss: 0.13623950111865998
905
1389
1500
-> Accuracy of the top 1 60.333333333333336%
-> Accuracy of the top 5 92.6%
----------------------- epoch 12---------------------------
-> Train Loss: 0.05406144711515013
-> Testing
-> Test Loss: 0.12739683163166046
907
1407
1500
-> Accuracy of the top 1 60.46666666666667%
-> Accuracy of the top 5 93.8%
----------------------- epoch 13---------------------------
-> Train Loss: 0.047154896268293486
-> Testing
-> Test Loss: 0.13283859741687776
908
1416
1500
-> Accuracy of the top 1 60.53333333333333%
-> Accuracy of the top 5 94.4%
----------------------- epoch 14---------------------------
-> Train Loss: 0.04236254852820481
-> Testing
-> Test Loss: 0.15127585289130607
863
1405
1500
-> Accuracy of the top 1 57.53333333333333%
-> Accuracy of the top 5 93.66666666666667%
----------------------- epoch 15---------------------------
-> Train Loss: 0.038193648112579005
-> Testing
-> Test Loss: 0.12506805926561357
949
1428
1500
-> Accuracy of the top 1 63.266666666666666%
-> Accuracy of the top 5 95.2%
----------------------- epoch 16---------------------------
-> Train Loss: 0.03698463384842054
-> Testing
-> Test Loss: 0.1421250528842211
890
1392
1500
-> Accuracy of the top 1 59.333333333333336%
-> Accuracy of the top 5 92.8%
----------------------- epoch 17---------------------------
-> Train Loss: 0.03352915149749923
-> Testing
-> Test Loss: 0.13917717240254085
910
1410
1500
-> Accuracy of the top 1 60.666666666666664%
-> Accuracy of the top 5 94.0%
----------------------- epoch 18---------------------------
-> Train Loss: 0.02541588483256611
-> Testing
-> Test Loss: 0.13369767580429712
950
1418
1500
-> Accuracy of the top 1 63.333333333333336%
-> Accuracy of the top 5 94.53333333333333%
----------------------- epoch 19---------------------------
-> Train Loss: 0.025889362091232885
-> Testing
-> Test Loss: 0.13979050421714784
942
1400
1500
-> Accuracy of the top 1 62.8%
-> Accuracy of the top 5 93.33333333333333%
----------------------- epoch 20---------------------------
-> Train Loss: 0.02374501619176
-> Testing
-> Test Loss: 0.15869380501906077
888
1397
1500
-> Accuracy of the top 1 59.2%
-> Accuracy of the top 5 93.13333333333334%
----------------------- epoch 21---------------------------
-> Train Loss: 0.022010516103940517
-> Testing
-> Test Loss: 0.13396896333495775
956
1428
1500
-> Accuracy of the top 1 63.733333333333334%
-> Accuracy of the top 5 95.2%
----------------------- epoch 22---------------------------
-> Train Loss: 0.01733290710887393
-> Testing
-> Test Loss: 0.14576250058412552
969
1415
1500
-> Accuracy of the top 1 64.6%
-> Accuracy of the top 5 94.33333333333333%
----------------------- epoch 23---------------------------
-> Train Loss: 0.01592218272225741
-> Testing
-> Test Loss: 0.14642192345298827
962
1419
1500
-> Accuracy of the top 1 64.13333333333334%
-> Accuracy of the top 5 94.6%
----------------------- epoch 24---------------------------
-> Train Loss: 0.013632115535945063
-> Testing
-> Test Loss: 0.1546233830054601
930
1399
1500
-> Accuracy of the top 1 62.0%
-> Accuracy of the top 5 93.26666666666667%
----------------------- epoch 25---------------------------
-> Train Loss: 0.014055509293503386
-> Testing
-> Test Loss: 0.1404114601810773
973
1415
1500
-> Accuracy of the top 1 64.86666666666666%
-> Accuracy of the top 5 94.33333333333333%
----------------------- epoch 26---------------------------
-> Train Loss: 0.014424125271361053
-> Testing
-> Test Loss: 0.1486730351050695
956
1420
1500
-> Accuracy of the top 1 63.733333333333334%
-> Accuracy of the top 5 94.66666666666667%
----------------------- epoch 27---------------------------
-> Train Loss: 0.012330912717503388
-> Testing
-> Test Loss: 0.14650701916217804
962
1409
1500
-> Accuracy of the top 1 64.13333333333334%
-> Accuracy of the top 5 93.93333333333334%
----------------------- epoch 28---------------------------
-> Train Loss: 0.011402726287008193
-> Testing
-> Test Loss: 0.14951826240619023
938
1423
1500
-> Accuracy of the top 1 62.53333333333333%
-> Accuracy of the top 5 94.86666666666666%
----------------------- epoch 29---------------------------
-> Train Loss: 0.00960999026384058
-> Testing
-> Test Loss: 0.15660047184427578
948
1417
1500
-> Accuracy of the top 1 63.2%
-> Accuracy of the top 5 94.46666666666667%
----------------------- epoch 30---------------------------
-> Train Loss: 0.011578967071928464
-> Testing
-> Test Loss: 0.15548929368456205
949
1427
1500
-> Accuracy of the top 1 63.266666666666666%
-> Accuracy of the top 5 95.13333333333334%
----------------------- epoch 31---------------------------
-> Train Loss: 0.00985535324541025
-> Testing
-> Test Loss: 0.19041448918978374
863
1377
1500
-> Accuracy of the top 1 57.53333333333333%
-> Accuracy of the top 5 91.8%
----------------------- epoch 32---------------------------
-> Train Loss: 0.009799773052570347
-> Testing
-> Test Loss: 0.15033703088760375
962
1425
1500
-> Accuracy of the top 1 64.13333333333334%
-> Accuracy of the top 5 95.0%
----------------------- epoch 33---------------------------
-> Train Loss: 0.008453910788864372
-> Testing
-> Test Loss: 0.16397696103652318
956
1418
1500
-> Accuracy of the top 1 63.733333333333334%
-> Accuracy of the top 5 94.53333333333333%
----------------------- epoch 34---------------------------
-> Train Loss: 0.008960550355196929
-> Testing
-> Test Loss: 0.17047632365425427
939
1412
1500
-> Accuracy of the top 1 62.6%
-> Accuracy of the top 5 94.13333333333334%
----------------------- epoch 35---------------------------
-> Train Loss: 0.007771231998778003
-> Testing
-> Test Loss: 0.15040301458040872
973
1430
1500
-> Accuracy of the top 1 64.86666666666666%
-> Accuracy of the top 5 95.33333333333333%
----------------------- epoch 36---------------------------
-> Train Loss: 0.007911265694003527
-> Testing
-> Test Loss: 0.16826183586319288
936
1414
1500
-> Accuracy of the top 1 62.4%
-> Accuracy of the top 5 94.26666666666667%
----------------------- epoch 37---------------------------
-> Train Loss: 0.0058186833009239245
-> Testing
-> Test Loss: 0.15879662592709065
996
1416
1500
-> Accuracy of the top 1 66.4%
-> Accuracy of the top 5 94.4%
----------------------- epoch 38---------------------------
-> Train Loss: 0.007954508115307754
-> Testing
-> Test Loss: 0.1718330889220039
969
1407
1500
-> Accuracy of the top 1 64.6%
-> Accuracy of the top 5 93.8%
----------------------- epoch 39---------------------------
-> Train Loss: 0.005181892739467606
-> Testing
-> Test Loss: 0.15245363829036554
1003
1419
1500
-> Accuracy of the top 1 66.86666666666666%
-> Accuracy of the top 5 94.6%
----------------------- epoch 0---------------------------
-> Train Loss: 0.2663928822656373
-> Testing
-> Test Loss: 0.2680148345629374
173
638
1500
-> Accuracy of the top 1 11.533333333333333%
-> Accuracy of the top 5 42.53333333333333%
----------------------- epoch 1---------------------------
-> Train Loss: 0.24535284841080607
-> Testing
-> Test Loss: 0.23718608021736146
317
945
1500
-> Accuracy of the top 1 21.133333333333333%
-> Accuracy of the top 5 63.0%
----------------------- epoch 2---------------------------
-> Train Loss: 0.22168397460151557
-> Testing
-> Test Loss: 0.21477971227963766
441
1055
1500
-> Accuracy of the top 1 29.4%
-> Accuracy of the top 5 70.33333333333333%
----------------------- epoch 3---------------------------
-> Train Loss: 0.19223239154272542
-> Testing
-> Test Loss: 0.1908678542772929
497
1214
1500
-> Accuracy of the top 1 33.13333333333333%
-> Accuracy of the top 5 80.93333333333334%
----------------------- epoch 4---------------------------
-> Train Loss: 0.1738805484532112
-> Testing
-> Test Loss: 0.17253841813405354
640
1286
1500
-> Accuracy of the top 1 42.666666666666664%
-> Accuracy of the top 5 85.73333333333333%
----------------------- epoch 5---------------------------
-> Train Loss: 0.1624573859337786
-> Testing
-> Test Loss: 0.16724128492673238
661
1306
1500
-> Accuracy of the top 1 44.06666666666667%
-> Accuracy of the top 5 87.06666666666666%
----------------------- epoch 6---------------------------
-> Train Loss: 0.1498089341062996
-> Testing
-> Test Loss: 0.14925716197490693
745
1375
1500
-> Accuracy of the top 1 49.666666666666664%
-> Accuracy of the top 5 91.66666666666667%
----------------------- epoch 7---------------------------
-> Train Loss: 0.13804358346777745
-> Testing
-> Test Loss: 0.152718039949735
729
1355
1500
-> Accuracy of the top 1 48.6%
-> Accuracy of the top 5 90.33333333333333%
----------------------- epoch 8---------------------------
-> Train Loss: 0.12843881645793692
-> Testing
-> Test Loss: 0.13520034472147624
796
1402
1500
-> Accuracy of the top 1 53.06666666666667%
-> Accuracy of the top 5 93.46666666666667%
----------------------- epoch 9---------------------------
-> Train Loss: 0.12188552928529992
-> Testing
-> Test Loss: 0.12452521554629008
883
1390
1500
-> Accuracy of the top 1 58.86666666666667%
-> Accuracy of the top 5 92.66666666666667%
----------------------- epoch 10---------------------------
-> Train Loss: 0.10943897218760135
-> Testing
-> Test Loss: 0.11735238987207412
927
1409
1500
-> Accuracy of the top 1 61.8%
-> Accuracy of the top 5 93.93333333333334%
----------------------- epoch 11---------------------------
-> Train Loss: 0.1012705278955712
-> Testing
-> Test Loss: 0.12309865999221802
862
1414
1500
-> Accuracy of the top 1 57.46666666666667%
-> Accuracy of the top 5 94.26666666666667%
----------------------- epoch 12---------------------------
-> Train Loss: 0.09661751409471535
-> Testing
-> Test Loss: 0.12648006598154704
906
1406
1500
-> Accuracy of the top 1 60.4%
-> Accuracy of the top 5 93.73333333333333%
----------------------- epoch 13---------------------------
-> Train Loss: 0.08994661127302914
-> Testing
-> Test Loss: 0.11279016772905985
947
1417
1500
-> Accuracy of the top 1 63.13333333333333%
-> Accuracy of the top 5 94.46666666666667%
----------------------- epoch 14---------------------------
-> Train Loss: 0.08946616862287474
-> Testing
-> Test Loss: 0.10477986578146617
963
1436
1500
-> Accuracy of the top 1 64.2%
-> Accuracy of the top 5 95.73333333333333%
----------------------- epoch 15---------------------------
-> Train Loss: 0.08107056039911219
-> Testing
-> Test Loss: 0.1062276911586523
966
1447
1500
-> Accuracy of the top 1 64.4%
-> Accuracy of the top 5 96.46666666666667%
----------------------- epoch 16---------------------------
-> Train Loss: 0.07844928021556768
-> Testing
-> Test Loss: 0.09763781931002935
1006
1454
1500
-> Accuracy of the top 1 67.06666666666666%
-> Accuracy of the top 5 96.93333333333334%
----------------------- epoch 17---------------------------
-> Train Loss: 0.07367105460047123
-> Testing
-> Test Loss: 0.10104241069157918
986
1450
1500
-> Accuracy of the top 1 65.73333333333333%
-> Accuracy of the top 5 96.66666666666667%
----------------------- epoch 18---------------------------
-> Train Loss: 0.06682072384423347
-> Testing
-> Test Loss: 0.09993890894452731
1004
1449
1500
-> Accuracy of the top 1 66.93333333333334%
-> Accuracy of the top 5 96.6%
----------------------- epoch 19---------------------------
-> Train Loss: 0.06312875196125539
-> Testing
-> Test Loss: 0.09905473499496778
1012
1457
1500
-> Accuracy of the top 1 67.46666666666667%
-> Accuracy of the top 5 97.13333333333334%
----------------------- epoch 20---------------------------
-> Train Loss: 0.06370651443150376
-> Testing
-> Test Loss: 0.10466310318311056
1001
1441
1500
-> Accuracy of the top 1 66.73333333333333%
-> Accuracy of the top 5 96.06666666666666%
----------------------- epoch 21---------------------------
-> Train Loss: 0.05859710735267331
-> Testing
-> Test Loss: 0.09841733202834924
1025
1458
1500
-> Accuracy of the top 1 68.33333333333333%
-> Accuracy of the top 5 97.2%
----------------------- epoch 22---------------------------
-> Train Loss: 0.054791035805165866
-> Testing
-> Test Loss: 0.10622224028905233
1014
1452
1500
-> Accuracy of the top 1 67.6%
-> Accuracy of the top 5 96.8%
----------------------- epoch 23---------------------------
-> Train Loss: 0.05338988355680726
-> Testing
-> Test Loss: 0.09860370208819708
1017
1451
1500
-> Accuracy of the top 1 67.8%
-> Accuracy of the top 5 96.73333333333333%
----------------------- epoch 24---------------------------
-> Train Loss: 0.049160171297052795
-> Testing
-> Test Loss: 0.10466492513815562
1015
1458
1500
-> Accuracy of the top 1 67.66666666666667%
-> Accuracy of the top 5 97.2%
----------------------- epoch 25---------------------------
-> Train Loss: 0.046140241832589385
-> Testing
-> Test Loss: 0.10009039907654127
1051
1453
1500
-> Accuracy of the top 1 70.06666666666666%
-> Accuracy of the top 5 96.86666666666666%
----------------------- epoch 26---------------------------
-> Train Loss: 0.04427483818888465
-> Testing
-> Test Loss: 0.09940327839056651
1048
1445
1500
-> Accuracy of the top 1 69.86666666666666%
-> Accuracy of the top 5 96.33333333333333%
----------------------- epoch 27---------------------------
-> Train Loss: 0.04093198313953439
-> Testing
-> Test Loss: 0.10395926400025686
1035
1447
1500
-> Accuracy of the top 1 69.0%
-> Accuracy of the top 5 96.46666666666667%
----------------------- epoch 28---------------------------
-> Train Loss: 0.0359642685089928
-> Testing
-> Test Loss: 0.10020402614275614
1043
1454
1500
-> Accuracy of the top 1 69.53333333333333%
-> Accuracy of the top 5 96.93333333333334%
----------------------- epoch 29---------------------------
-> Train Loss: 0.035066995199401575
-> Testing
-> Test Loss: 0.11045900737742582
1037
1458
1500
-> Accuracy of the top 1 69.13333333333334%
-> Accuracy of the top 5 97.2%
----------------------- epoch 30---------------------------
-> Train Loss: 0.03436402198881959
-> Testing
-> Test Loss: 0.10436753683785598
1049
1453
1500
-> Accuracy of the top 1 69.93333333333334%
-> Accuracy of the top 5 96.86666666666666%
----------------------- epoch 31---------------------------
-> Train Loss: 0.03475479755778384
-> Testing
-> Test Loss: 0.1053131875594457
1026
1457
1500
-> Accuracy of the top 1 68.4%
-> Accuracy of the top 5 97.13333333333334%
----------------------- epoch 32---------------------------
-> Train Loss: 0.03338814978199189
-> Testing
-> Test Loss: 0.10266565571104487
1070
1442
1500
-> Accuracy of the top 1 71.33333333333333%
-> Accuracy of the top 5 96.13333333333334%
----------------------- epoch 33---------------------------
-> Train Loss: 0.028696473324406186
-> Testing
-> Test Loss: 0.1077691159894069
1052
1445
1500
-> Accuracy of the top 1 70.13333333333334%
-> Accuracy of the top 5 96.33333333333333%
----------------------- epoch 34---------------------------
-> Train Loss: 0.03164811661775837
-> Testing
-> Test Loss: 0.11885892234990994
1030
1441
1500
-> Accuracy of the top 1 68.66666666666667%
-> Accuracy of the top 5 96.06666666666666%
----------------------- epoch 35---------------------------
-> Train Loss: 0.026157954540353273
-> Testing
-> Test Loss: 0.11385118337844809
1078
1459
1500
-> Accuracy of the top 1 71.86666666666666%
-> Accuracy of the top 5 97.26666666666667%
----------------------- epoch 36---------------------------
-> Train Loss: 0.025835749424816153
-> Testing
-> Test Loss: 0.11256554268300534
1045
1451
1500
-> Accuracy of the top 1 69.66666666666667%
-> Accuracy of the top 5 96.73333333333333%
----------------------- epoch 37---------------------------
-> Train Loss: 0.02444760049498286
-> Testing
-> Test Loss: 0.12543711491425832
1056
1444
1500
-> Accuracy of the top 1 70.4%
-> Accuracy of the top 5 96.26666666666667%
----------------------- epoch 38---------------------------
-> Train Loss: 0.023142141385481287
-> Testing
-> Test Loss: 0.12336083668967088
1041
1446
1500
-> Accuracy of the top 1 69.4%
-> Accuracy of the top 5 96.4%
----------------------- epoch 39---------------------------
-> Train Loss: 0.02321457279833592
-> Testing
-> Test Loss: 0.12129139028986295
1038
1446
1500
-> Accuracy of the top 1 69.2%
-> Accuracy of the top 5 96.4%
----------------------- epoch 0---------------------------
-> Train Loss: 0.2699993985781518
-> Testing
-> Test Loss: 0.2714955615997314
100
510
1500
-> Accuracy of the top 1 6.666666666666667%
-> Accuracy of the top 5 34.0%
----------------------- epoch 1---------------------------
-> Train Loss: 0.2660163321087708
-> Testing
-> Test Loss: 0.2705968510309855
122
538
1500
-> Accuracy of the top 1 8.133333333333333%
-> Accuracy of the top 5 35.86666666666667%
----------------------- epoch 2---------------------------
-> Train Loss: 0.2571995570631682
-> Testing
-> Test Loss: 0.2575600757598877
220
703
1500
-> Accuracy of the top 1 14.666666666666666%
-> Accuracy of the top 5 46.86666666666667%
----------------------- epoch 3---------------------------
-> Train Loss: 0.24560542262379248
-> Testing
-> Test Loss: 0.25046165990829466
273
795
1500
-> Accuracy of the top 1 18.2%
-> Accuracy of the top 5 53.0%
----------------------- epoch 4---------------------------
-> Train Loss: 0.23970592581047684
-> Testing
-> Test Loss: 0.2463526484966278
260
852
1500
-> Accuracy of the top 1 17.333333333333332%
-> Accuracy of the top 5 56.8%
----------------------- epoch 5---------------------------
-> Train Loss: 0.22711523637500042
-> Testing
-> Test Loss: 0.22857436060905456
409
1018
1500
-> Accuracy of the top 1 27.266666666666666%
-> Accuracy of the top 5 67.86666666666666%
----------------------- epoch 6---------------------------
-> Train Loss: 0.21391539617599156
-> Testing
-> Test Loss: 0.22918901642163594
365
995
1500
-> Accuracy of the top 1 24.333333333333332%
-> Accuracy of the top 5 66.33333333333333%
----------------------- epoch 7---------------------------
-> Train Loss: 0.19383789243011218
-> Testing
-> Test Loss: 0.19813228487968446
517
1191
1500
-> Accuracy of the top 1 34.46666666666667%
-> Accuracy of the top 5 79.4%
----------------------- epoch 8---------------------------
-> Train Loss: 0.17679167135276985
-> Testing
-> Test Loss: 0.18328006315231324
588
1258
1500
-> Accuracy of the top 1 39.2%
-> Accuracy of the top 5 83.86666666666666%
----------------------- epoch 9---------------------------
-> Train Loss: 0.1668698313048537
-> Testing
-> Test Loss: 0.16419173340002696
659
1306
1500
-> Accuracy of the top 1 43.93333333333333%
-> Accuracy of the top 5 87.06666666666666%
----------------------- epoch 10---------------------------
-> Train Loss: 0.15623688987351741
-> Testing
-> Test Loss: 0.18497084204355876
565
1206
1500
-> Accuracy of the top 1 37.666666666666664%
-> Accuracy of the top 5 80.4%
----------------------- epoch 11---------------------------
-> Train Loss: 0.14664345214914037
-> Testing
-> Test Loss: 0.16455590999126435
629
1302
1500
-> Accuracy of the top 1 41.93333333333333%
-> Accuracy of the top 5 86.8%
----------------------- epoch 12---------------------------
-> Train Loss: 0.13927109389249204
-> Testing
-> Test Loss: 0.14309130450089771
743
1372
1500
-> Accuracy of the top 1 49.53333333333333%
-> Accuracy of the top 5 91.46666666666667%
----------------------- epoch 13---------------------------
-> Train Loss: 0.1308336569635912
-> Testing
-> Test Loss: 0.13039090685049692
828
1400
1500
-> Accuracy of the top 1 55.2%
-> Accuracy of the top 5 93.33333333333333%
----------------------- epoch 14---------------------------
-> Train Loss: 0.11984307613205071
-> Testing
-> Test Loss: 0.12339186712106069
868
1412
1500
-> Accuracy of the top 1 57.86666666666667%
-> Accuracy of the top 5 94.13333333333334%
----------------------- epoch 15---------------------------
-> Train Loss: 0.11536868826628131
-> Testing
-> Test Loss: 0.1210336147348086
874
1414
1500
-> Accuracy of the top 1 58.266666666666666%
-> Accuracy of the top 5 94.26666666666667%
----------------------- epoch 16---------------------------
-> Train Loss: 0.11552635931489455
-> Testing
-> Test Loss: 0.12099093417326609
894
1409
1500
-> Accuracy of the top 1 59.6%
-> Accuracy of the top 5 93.93333333333334%
----------------------- epoch 17---------------------------
-> Train Loss: 0.10038703839782893
-> Testing
-> Test Loss: 0.11356697779893875
944
1420
1500
-> Accuracy of the top 1 62.93333333333333%
-> Accuracy of the top 5 94.66666666666667%
----------------------- epoch 18---------------------------
-> Train Loss: 0.0969961022412158
-> Testing
-> Test Loss: 0.13037389727433524
837
1405
1500
-> Accuracy of the top 1 55.8%
-> Accuracy of the top 5 93.66666666666667%
----------------------- epoch 19---------------------------
-> Train Loss: 0.09517911126465853
-> Testing
-> Test Loss: 0.10895598248640696
919
1433
1500
-> Accuracy of the top 1 61.266666666666666%
-> Accuracy of the top 5 95.53333333333333%
----------------------- epoch 20---------------------------
-> Train Loss: 0.09200277240631768
-> Testing
-> Test Loss: 0.10367426041762035
976
1437
1500
-> Accuracy of the top 1 65.06666666666666%
-> Accuracy of the top 5 95.8%
----------------------- epoch 21---------------------------
-> Train Loss: 0.08620369059955654
-> Testing
-> Test Loss: 0.10765801274776458
950
1434
1500
-> Accuracy of the top 1 63.333333333333336%
-> Accuracy of the top 5 95.6%
----------------------- epoch 22---------------------------
-> Train Loss: 0.08649998301736873
-> Testing
-> Test Loss: 0.10132067714134851
973
1432
1500
-> Accuracy of the top 1 64.86666666666666%
-> Accuracy of the top 5 95.46666666666667%
----------------------- epoch 23---------------------------
-> Train Loss: 0.07760913586446788
-> Testing
-> Test Loss: 0.09714058333635331
1030
1451
1500
-> Accuracy of the top 1 68.66666666666667%
-> Accuracy of the top 5 96.73333333333333%
----------------------- epoch 24---------------------------
-> Train Loss: 0.07875682220137499
-> Testing
-> Test Loss: 0.10469470063845317
962
1420
1500
-> Accuracy of the top 1 64.13333333333334%
-> Accuracy of the top 5 94.66666666666667%
----------------------- epoch 25---------------------------
-> Train Loss: 0.07223089337848139
-> Testing
-> Test Loss: 0.0927044420739015
1021
1447
1500
-> Accuracy of the top 1 68.06666666666666%
-> Accuracy of the top 5 96.46666666666667%
----------------------- epoch 26---------------------------
-> Train Loss: 0.06977699420959306
-> Testing
-> Test Loss: 0.09967439356446266
1008
1435
1500
-> Accuracy of the top 1 67.2%
-> Accuracy of the top 5 95.66666666666667%
----------------------- epoch 27---------------------------
-> Train Loss: 0.06432345907018212
-> Testing
-> Test Loss: 0.0971940437455972
1014
1449
1500
-> Accuracy of the top 1 67.6%
-> Accuracy of the top 5 96.6%
----------------------- epoch 28---------------------------
-> Train Loss: 0.061835724018027435
-> Testing
-> Test Loss: 0.09556231413284938
1036
1448
1500
-> Accuracy of the top 1 69.06666666666666%
-> Accuracy of the top 5 96.53333333333333%
----------------------- epoch 29---------------------------
-> Train Loss: 0.061135382688225215
-> Testing
-> Test Loss: 0.09411042432487011
1034
1466
1500
-> Accuracy of the top 1 68.93333333333334%
-> Accuracy of the top 5 97.73333333333333%
----------------------- epoch 30---------------------------
-> Train Loss: 0.059882936340879954
-> Testing
-> Test Loss: 0.10733581592639287
1006
1433
1500
-> Accuracy of the top 1 67.06666666666666%
-> Accuracy of the top 5 95.53333333333333%
----------------------- epoch 31---------------------------
-> Train Loss: 0.05643250485835363
-> Testing
-> Test Loss: 0.0941180077890555
1030
1442
1500
-> Accuracy of the top 1 68.66666666666667%
-> Accuracy of the top 5 96.13333333333334%
----------------------- epoch 32---------------------------
-> Train Loss: 0.05646055277992333
-> Testing
-> Test Loss: 0.09367135719458262
1037
1453
1500
-> Accuracy of the top 1 69.13333333333334%
-> Accuracy of the top 5 96.86666666666666%
----------------------- epoch 33---------------------------
-> Train Loss: 0.050974926061716115
-> Testing
-> Test Loss: 0.09345683077226083
1051
1446
1500
-> Accuracy of the top 1 70.06666666666666%
-> Accuracy of the top 5 96.4%
----------------------- epoch 34---------------------------
-> Train Loss: 0.04515289448363897
-> Testing
-> Test Loss: 0.1122755887011687
1006
1440
1500
-> Accuracy of the top 1 67.06666666666666%
-> Accuracy of the top 5 96.0%
----------------------- epoch 35---------------------------
-> Train Loss: 0.04500926515053165
-> Testing
-> Test Loss: 0.08758381786942482
1052
1462
1500
-> Accuracy of the top 1 70.13333333333334%
-> Accuracy of the top 5 97.46666666666667%
----------------------- epoch 36---------------------------
-> Train Loss: 0.044081786757887306
-> Testing
-> Test Loss: 0.12390040111541747
965
1397
1500
-> Accuracy of the top 1 64.33333333333333%
-> Accuracy of the top 5 93.13333333333334%
----------------------- epoch 37---------------------------
-> Train Loss: 0.044650775997570315
-> Testing
-> Test Loss: 0.08736077067752679
1078
1461
1500
-> Accuracy of the top 1 71.86666666666666%
-> Accuracy of the top 5 97.4%
----------------------- epoch 38---------------------------
-> Train Loss: 0.03926306851894612
-> Testing
-> Test Loss: 0.1019227448652188
1058
1451
1500
-> Accuracy of the top 1 70.53333333333333%
-> Accuracy of the top 5 96.73333333333333%
----------------------- epoch 39---------------------------
-> Train Loss: 0.03941856698948934
-> Testing
-> Test Loss: 0.08430536121129989
1094
1468
1500
-> Accuracy of the top 1 72.93333333333334%
-> Accuracy of the top 5 97.86666666666666%
----------------------- epoch 0---------------------------
-> Train Loss: 0.08001795737774828
-> Testing
-> Test Loss: 0.06492083392416438
1176
1494
1500
-> Accuracy of the top 1 78.4%
-> Accuracy of the top 5 99.6%
----------------------- epoch 1---------------------------
-> Train Loss: 0.05257034726266186
-> Testing
-> Test Loss: 0.06205360663558046
1212
1492
1500
-> Accuracy of the top 1 80.8%
-> Accuracy of the top 5 99.46666666666667%
----------------------- epoch 2---------------------------
-> Train Loss: 0.042322478015708986
-> Testing
-> Test Loss: 0.07215760404864947
1204
1485
1500
-> Accuracy of the top 1 80.26666666666667%
-> Accuracy of the top 5 99.0%
----------------------- epoch 3---------------------------
-> Train Loss: 0.04051718288924158
-> Testing
-> Test Loss: 0.06314467109274119
1235
1494
1500
-> Accuracy of the top 1 82.33333333333333%
-> Accuracy of the top 5 99.6%
----------------------- epoch 4---------------------------
-> Train Loss: 0.03474088333768636
-> Testing
-> Test Loss: 0.06280599803384393
1243
1490
1500
-> Accuracy of the top 1 82.86666666666666%
-> Accuracy of the top 5 99.33333333333333%
----------------------- epoch 5---------------------------
-> Train Loss: 0.032534862155799864
-> Testing
-> Test Loss: 0.05681707166476796
1227
1496
1500
-> Accuracy of the top 1 81.8%
-> Accuracy of the top 5 99.73333333333333%
----------------------- epoch 6---------------------------
-> Train Loss: 0.029675352581428796
-> Testing
-> Test Loss: 0.06735923933248462
1230
1486
1500
-> Accuracy of the top 1 82.0%
-> Accuracy of the top 5 99.06666666666666%
----------------------- epoch 7---------------------------
-> Train Loss: 0.029597041179756346
-> Testing
-> Test Loss: 0.060296356472264355
1236
1493
1500
-> Accuracy of the top 1 82.4%
-> Accuracy of the top 5 99.53333333333333%
----------------------- epoch 8---------------------------
-> Train Loss: 0.024912303966659992
-> Testing
-> Test Loss: 0.059264387839163345
1248
1489
1500
-> Accuracy of the top 1 83.2%
-> Accuracy of the top 5 99.26666666666667%
----------------------- epoch 9---------------------------
-> Train Loss: 0.026146338890372756
-> Testing
-> Test Loss: 0.05888553456834052
1249
1493
1500
-> Accuracy of the top 1 83.26666666666667%
-> Accuracy of the top 5 99.53333333333333%
----------------------- epoch 10---------------------------
-> Train Loss: 0.02206869937157355
-> Testing
-> Test Loss: 0.061468760835530704
1241
1489
1500
-> Accuracy of the top 1 82.73333333333333%
-> Accuracy of the top 5 99.26666666666667%
----------------------- epoch 11---------------------------
-> Train Loss: 0.025158693499756288
-> Testing
-> Test Loss: 0.06643838453510155
1250
1493
1500
-> Accuracy of the top 1 83.33333333333333%
-> Accuracy of the top 5 99.53333333333333%
----------------------- epoch 12---------------------------
-> Train Loss: 0.022266021251303676
-> Testing
-> Test Loss: 0.059312818277006345
1260
1491
1500
-> Accuracy of the top 1 84.0%
-> Accuracy of the top 5 99.4%
----------------------- epoch 13---------------------------
-> Train Loss: 0.020972107249601482
-> Testing
-> Test Loss: 0.06209619995594646
1258
1495
1500
-> Accuracy of the top 1 83.86666666666666%
-> Accuracy of the top 5 99.66666666666667%
----------------------- epoch 14---------------------------
-> Train Loss: 0.018656565164275045
-> Testing
-> Test Loss: 0.06084254180298497
1260
1494
1500
-> Accuracy of the top 1 84.0%
-> Accuracy of the top 5 99.6%
----------------------- epoch 15---------------------------
-> Train Loss: 0.018471342178170414
-> Testing
-> Test Loss: 0.0749695318142573
1225
1493
1500
-> Accuracy of the top 1 81.66666666666667%
-> Accuracy of the top 5 99.53333333333333%
----------------------- epoch 16---------------------------
-> Train Loss: 0.02000127355634411
-> Testing
-> Test Loss: 0.07310415874879497
1246
1488
1500
-> Accuracy of the top 1 83.06666666666666%
-> Accuracy of the top 5 99.2%
----------------------- epoch 17---------------------------
-> Train Loss: 0.020140428442342817
-> Testing
-> Test Loss: 0.06813718592084479
1246
1492
1500
-> Accuracy of the top 1 83.06666666666666%
-> Accuracy of the top 5 99.46666666666667%
----------------------- epoch 18---------------------------
-> Train Loss: 0.01951008128173204
-> Testing
-> Test Loss: 0.05739741183433216
1250
1493
1500
-> Accuracy of the top 1 83.33333333333333%
-> Accuracy of the top 5 99.53333333333333%
----------------------- epoch 19---------------------------
-> Train Loss: 0.018917638510162395
-> Testing
-> Test Loss: 0.06292079729551915
1263
1493
1500
-> Accuracy of the top 1 84.2%
-> Accuracy of the top 5 99.53333333333333%
----------------------- epoch 20---------------------------
-> Train Loss: 0.01876489580327799
-> Testing
-> Test Loss: 0.08072667925028751
1210
1492
1500
-> Accuracy of the top 1 80.66666666666667%
-> Accuracy of the top 5 99.46666666666667%
----------------------- epoch 21---------------------------
-> Train Loss: 0.017328321203961695
-> Testing
-> Test Loss: 0.06925271370587871
1255
1490
1500
-> Accuracy of the top 1 83.66666666666667%
-> Accuracy of the top 5 99.33333333333333%
----------------------- epoch 22---------------------------
-> Train Loss: 0.015301082438839618
-> Testing
-> Test Loss: 0.06843467587271394
1248
1495
1500
-> Accuracy of the top 1 83.2%
-> Accuracy of the top 5 99.66666666666667%
----------------------- epoch 23---------------------------
-> Train Loss: 0.01742377723841651
-> Testing
-> Test Loss: 0.06845491805598916
1248
1493
1500
-> Accuracy of the top 1 83.2%
-> Accuracy of the top 5 99.53333333333333%
----------------------- epoch 24---------------------------
-> Train Loss: 0.016079195590562638
-> Testing
-> Test Loss: 0.07049568222245822
1236
1494
1500
-> Accuracy of the top 1 82.4%
-> Accuracy of the top 5 99.6%
----------------------- epoch 25---------------------------
-> Train Loss: 0.016259542270690295
-> Testing
-> Test Loss: 0.0697624993622303
1244
1495
1500
-> Accuracy of the top 1 82.93333333333334%
-> Accuracy of the top 5 99.66666666666667%
----------------------- epoch 26---------------------------
-> Train Loss: 0.014688793361474412
-> Testing
-> Test Loss: 0.06684190400248433
1248
1490
1500
-> Accuracy of the top 1 83.2%
-> Accuracy of the top 5 99.33333333333333%
----------------------- epoch 27---------------------------
-> Train Loss: 0.016457114770634797
-> Testing
-> Test Loss: 0.06373795565698917
1265
1497
1500
-> Accuracy of the top 1 84.33333333333333%
-> Accuracy of the top 5 99.8%
----------------------- epoch 28---------------------------
-> Train Loss: 0.014437231452300227
-> Testing
-> Test Loss: 0.06237753751726511
1271
1496
1500
-> Accuracy of the top 1 84.73333333333333%
-> Accuracy of the top 5 99.73333333333333%
----------------------- epoch 29---------------------------
-> Train Loss: 0.0148029693417365
-> Testing
-> Test Loss: 0.06415105154427389
1265
1496
1500
-> Accuracy of the top 1 84.33333333333333%
-> Accuracy of the top 5 99.73333333333333%
----------------------- epoch 30---------------------------
-> Train Loss: 0.013380499921869697
-> Testing
-> Test Loss: 0.06532689520126829
1253
1492
1500
-> Accuracy of the top 1 83.53333333333333%
-> Accuracy of the top 5 99.46666666666667%
----------------------- epoch 31---------------------------
-> Train Loss: 0.014141437240868067
-> Testing
-> Test Loss: 0.05903126954394004
1278
1495
1500
-> Accuracy of the top 1 85.2%
-> Accuracy of the top 5 99.66666666666667%
----------------------- epoch 32---------------------------
-> Train Loss: 0.014976191391766312
-> Testing
-> Test Loss: 0.061729122634006976
1259
1496
1500
-> Accuracy of the top 1 83.93333333333334%
-> Accuracy of the top 5 99.73333333333333%
----------------------- epoch 33---------------------------
-> Train Loss: 0.014585692263419905
-> Testing
-> Test Loss: 0.0700522061213851
1249
1495
1500
-> Accuracy of the top 1 83.26666666666667%
-> Accuracy of the top 5 99.66666666666667%
----------------------- epoch 34---------------------------
-> Train Loss: 0.014621267901774274
-> Testing
-> Test Loss: 0.06636678946220005
1267
1496
1500
-> Accuracy of the top 1 84.46666666666667%
-> Accuracy of the top 5 99.73333333333333%
----------------------- epoch 35---------------------------
-> Train Loss: 0.013549173969303148
-> Testing
-> Test Loss: 0.07957002778102955
1227
1487
1500
-> Accuracy of the top 1 81.8%
-> Accuracy of the top 5 99.13333333333334%
----------------------- epoch 36---------------------------
-> Train Loss: 0.012313306808810591
-> Testing
-> Test Loss: 0.06110071059075805
1284
1493
1500
-> Accuracy of the top 1 85.6%
-> Accuracy of the top 5 99.53333333333333%
----------------------- epoch 37---------------------------
-> Train Loss: 0.012837831435872903
-> Testing
-> Test Loss: 0.07578758075010653
1239
1490
1500
-> Accuracy of the top 1 82.6%
-> Accuracy of the top 5 99.33333333333333%
----------------------- epoch 38---------------------------
-> Train Loss: 0.012933085035378468
-> Testing
-> Test Loss: 0.07274195805440346
1247
1496
1500
-> Accuracy of the top 1 83.13333333333334%
-> Accuracy of the top 5 99.73333333333333%
----------------------- epoch 39---------------------------
-> Train Loss: 0.012508365495723806
-> Testing
-> Test Loss: 0.06242889319748307
1278
1497
1500
-> Accuracy of the top 1 85.2%
-> Accuracy of the top 5 99.8%
----------------------- epoch 0---------------------------
-> Train Loss: 0.09231606044461779
-> Testing
-> Test Loss: 0.06356986297170321
1172
1484
1500
-> Accuracy of the top 1 78.13333333333334%
-> Accuracy of the top 5 98.93333333333334%
----------------------- epoch 1---------------------------
-> Train Loss: 0.05332376600509912
-> Testing
-> Test Loss: 0.06957052498559158
1171
1482
1500
-> Accuracy of the top 1 78.06666666666666%
-> Accuracy of the top 5 98.8%
----------------------- epoch 2---------------------------
-> Train Loss: 0.03897177732301567
-> Testing
-> Test Loss: 0.0661559001194934
1168
1486
1500
-> Accuracy of the top 1 77.86666666666666%
-> Accuracy of the top 5 99.06666666666666%
----------------------- epoch 3---------------------------
-> Train Loss: 0.03436069355847024
-> Testing
-> Test Loss: 0.05093298413852851
1222
1495
1500
-> Accuracy of the top 1 81.46666666666667%
-> Accuracy of the top 5 99.66666666666667%
----------------------- epoch 4---------------------------
-> Train Loss: 0.02706927486650109
-> Testing
-> Test Loss: 0.05236065631608168
1237
1490
1500
-> Accuracy of the top 1 82.46666666666667%
-> Accuracy of the top 5 99.33333333333333%
----------------------- epoch 5---------------------------
-> Train Loss: 0.02431393422013214
-> Testing
-> Test Loss: 0.07658595176537832
1171
1495
1500
-> Accuracy of the top 1 78.06666666666666%
-> Accuracy of the top 5 99.66666666666667%
----------------------- epoch 6---------------------------
-> Train Loss: 0.020367370806033826
-> Testing
-> Test Loss: 0.06268952701985836
1231
1491
1500
-> Accuracy of the top 1 82.06666666666666%
-> Accuracy of the top 5 99.4%
----------------------- epoch 7---------------------------
-> Train Loss: 0.017044352198571866
-> Testing
-> Test Loss: 0.05645178383992364
1274
1486
1500
-> Accuracy of the top 1 84.93333333333334%
-> Accuracy of the top 5 99.06666666666666%
----------------------- epoch 8---------------------------
-> Train Loss: 0.018867039110777133
-> Testing
-> Test Loss: 0.06990692408382893
1194
1476
1500
-> Accuracy of the top 1 79.6%
-> Accuracy of the top 5 98.4%
----------------------- epoch 9---------------------------
-> Train Loss: 0.012131134920951074
-> Testing
-> Test Loss: 0.0519444053688397
1267
1494
1500
-> Accuracy of the top 1 84.46666666666667%
-> Accuracy of the top 5 99.6%
----------------------- epoch 10---------------------------
-> Train Loss: 0.014312681320392085
-> Testing
-> Test Loss: 0.04591647763973257
1294
1497
1500
-> Accuracy of the top 1 86.26666666666667%
-> Accuracy of the top 5 99.8%
----------------------- epoch 11---------------------------
-> Train Loss: 0.010609099981420863
-> Testing
-> Test Loss: 0.04666650136257522
1296
1494
1500
-> Accuracy of the top 1 86.4%
-> Accuracy of the top 5 99.6%
----------------------- epoch 12---------------------------
-> Train Loss: 0.011449529302232957
-> Testing
-> Test Loss: 0.05208604177073964
1279
1488
1500
-> Accuracy of the top 1 85.26666666666667%
-> Accuracy of the top 5 99.2%
----------------------- epoch 13---------------------------
-> Train Loss: 0.008915508358328451
-> Testing
-> Test Loss: 0.05905892501716638
1274
1491
1500
-> Accuracy of the top 1 84.93333333333334%
-> Accuracy of the top 5 99.4%
----------------------- epoch 14---------------------------
-> Train Loss: 0.00813826863978195
-> Testing
-> Test Loss: 0.06892077985095481
1251
1492
1500
-> Accuracy of the top 1 83.4%
-> Accuracy of the top 5 99.46666666666667%
----------------------- epoch 15---------------------------
-> Train Loss: 0.006815895776807836
-> Testing
-> Test Loss: 0.06918606019004558
1247
1481
1500
-> Accuracy of the top 1 83.13333333333334%
-> Accuracy of the top 5 98.73333333333333%
----------------------- epoch 16---------------------------
-> Train Loss: 0.006915726437158996
-> Testing
-> Test Loss: 0.05830552641975616
1289
1498
1500
-> Accuracy of the top 1 85.93333333333334%
-> Accuracy of the top 5 99.86666666666666%
----------------------- epoch 17---------------------------
-> Train Loss: 0.006292572354844378
-> Testing
-> Test Loss: 0.04963089534671356
1291
1494
1500
-> Accuracy of the top 1 86.06666666666666%
-> Accuracy of the top 5 99.6%
----------------------- epoch 18---------------------------
-> Train Loss: 0.008551374614299482
-> Testing
-> Test Loss: 0.06548419540957548
1254
1484
1500
-> Accuracy of the top 1 83.6%
-> Accuracy of the top 5 98.93333333333334%
----------------------- epoch 19---------------------------
-> Train Loss: 0.004853792849967043
-> Testing
-> Test Loss: 0.05726683571406951
1302
1493
1500
-> Accuracy of the top 1 86.8%
-> Accuracy of the top 5 99.53333333333333%
----------------------- epoch 20---------------------------
-> Train Loss: 0.004635297249004049
-> Testing
-> Test Loss: 0.058907472499335804
1292
1489
1500
-> Accuracy of the top 1 86.13333333333334%
-> Accuracy of the top 5 99.26666666666667%
----------------------- epoch 21---------------------------
-> Train Loss: 0.006861425425850822
-> Testing
-> Test Loss: 0.055294770369073376
1277
1491
1500
-> Accuracy of the top 1 85.13333333333334%
-> Accuracy of the top 5 99.4%
----------------------- epoch 22---------------------------
-> Train Loss: 0.0040774157294207495
-> Testing
-> Test Loss: 0.05888918362675274
1300
1491
1500
-> Accuracy of the top 1 86.66666666666667%
-> Accuracy of the top 5 99.4%
----------------------- epoch 23---------------------------
-> Train Loss: 0.0035253032349418767
-> Testing
-> Test Loss: 0.059732653196551834
1277
1491
1500
-> Accuracy of the top 1 85.13333333333334%
-> Accuracy of the top 5 99.4%
----------------------- epoch 24---------------------------
-> Train Loss: 0.004242990624096083
-> Testing
-> Test Loss: 0.05967742410614543
1301
1494
1500
-> Accuracy of the top 1 86.73333333333333%
-> Accuracy of the top 5 99.6%
----------------------- epoch 25---------------------------
-> Train Loss: 0.0023059127446664707
-> Testing
-> Test Loss: 0.06445444363798015
1266
1493
1500
-> Accuracy of the top 1 84.4%
-> Accuracy of the top 5 99.53333333333333%
----------------------- epoch 26---------------------------
-> Train Loss: 0.0030313304765130604
-> Testing
-> Test Loss: 0.06186957434039505
1292
1492
1500
-> Accuracy of the top 1 86.13333333333334%
-> Accuracy of the top 5 99.46666666666667%
----------------------- epoch 27---------------------------
-> Train Loss: 0.0028737969558264853
-> Testing
-> Test Loss: 0.05897875006944014
1311
1493
1500
-> Accuracy of the top 1 87.4%
-> Accuracy of the top 5 99.53333333333333%
----------------------- epoch 28---------------------------
-> Train Loss: 0.004374015788118925
-> Testing
-> Test Loss: 0.08060632611388185
1257
1486
1500
-> Accuracy of the top 1 83.8%
-> Accuracy of the top 5 99.06666666666666%
----------------------- epoch 29---------------------------
-> Train Loss: 0.0046645061069519175
-> Testing
-> Test Loss: 0.06693379190917283
1259
1489
1500
-> Accuracy of the top 1 83.93333333333334%
-> Accuracy of the top 5 99.26666666666667%
----------------------- epoch 30---------------------------
-> Train Loss: 0.0020140567353331153
-> Testing
-> Test Loss: 0.06304619255041083
1281
1494
1500
-> Accuracy of the top 1 85.4%
-> Accuracy of the top 5 99.6%
----------------------- epoch 31---------------------------
-> Train Loss: 0.0025127485580794004
-> Testing
-> Test Loss: 0.0705423163221567
1269
1483
1500
-> Accuracy of the top 1 84.6%
-> Accuracy of the top 5 98.86666666666666%
----------------------- epoch 32---------------------------
-> Train Loss: 0.002171942807926239
-> Testing
-> Test Loss: 0.0663457174867314
1265
1489
1500
-> Accuracy of the top 1 84.33333333333333%
-> Accuracy of the top 5 99.26666666666667%
----------------------- epoch 33---------------------------
-> Train Loss: 0.0021555162895902265
-> Testing
-> Test Loss: 0.058876333493260366
1293
1492
1500
-> Accuracy of the top 1 86.2%
-> Accuracy of the top 5 99.46666666666667%
----------------------- epoch 34---------------------------
-> Train Loss: 0.003979997120117792
-> Testing
-> Test Loss: 0.06311091572208291
1269
1487
1500
-> Accuracy of the top 1 84.6%
-> Accuracy of the top 5 99.13333333333334%
----------------------- epoch 35---------------------------
-> Train Loss: 0.003425535274272318
-> Testing
-> Test Loss: 0.053637012097868135
1302
1493
1500
-> Accuracy of the top 1 86.8%
-> Accuracy of the top 5 99.53333333333333%
----------------------- epoch 36---------------------------
-> Train Loss: 0.004223866278403461
-> Testing
-> Test Loss: 0.060540619012332174
1284
1495
1500
-> Accuracy of the top 1 85.6%
-> Accuracy of the top 5 99.66666666666667%
----------------------- epoch 37---------------------------
-> Train Loss: 0.0022352087417586946
-> Testing
-> Test Loss: 0.07271255363455081
1281
1493
1500
-> Accuracy of the top 1 85.4%
-> Accuracy of the top 5 99.53333333333333%
----------------------- epoch 38---------------------------
-> Train Loss: 0.0018804457189018336
-> Testing
-> Test Loss: 0.06707239192369797
1291
1493
1500
-> Accuracy of the top 1 86.06666666666666%
-> Accuracy of the top 5 99.53333333333333%
----------------------- epoch 39---------------------------
-> Train Loss: 0.0030439383760870633
-> Testing
-> Test Loss: 0.07595310721157314
1268
1488
1500
-> Accuracy of the top 1 84.53333333333333%
-> Accuracy of the top 5 99.2%
Total Time: 18756.19960999489
