----------------------- epoch 0---------------------------
-> Train Loss: 0.1474390553469634
-> Testing
-> Test Loss: 0.13293998328844706
469
1106
1500
-> Accuracy of the top 1 31.266666666666666%
-> Accuracy of the top 5 73.73333333333333%
----------------------- epoch 1---------------------------
-> Train Loss: 0.1144188853763855
-> Testing
-> Test Loss: 0.10885706988970438
658
1286
1500
-> Accuracy of the top 1 43.86666666666667%
-> Accuracy of the top 5 85.73333333333333%
----------------------- epoch 2---------------------------
-> Train Loss: 0.09578360840303814
-> Testing
-> Test Loss: 0.1089479809999466
593
1276
1500
-> Accuracy of the top 1 39.53333333333333%
-> Accuracy of the top 5 85.06666666666666%
----------------------- epoch 3---------------------------
-> Train Loss: 0.08641131109927767
-> Testing
-> Test Loss: 0.10508172631263733
658
1294
1500
-> Accuracy of the top 1 43.86666666666667%
-> Accuracy of the top 5 86.26666666666667%
----------------------- epoch 4---------------------------
-> Train Loss: 0.07624215684344421
-> Testing
-> Test Loss: 0.08704049587249756
846
1374
1500
-> Accuracy of the top 1 56.4%
-> Accuracy of the top 5 91.6%
----------------------- epoch 5---------------------------
-> Train Loss: 0.07169435567392576
-> Testing
-> Test Loss: 0.07874251842498779
875
1411
1500
-> Accuracy of the top 1 58.333333333333336%
-> Accuracy of the top 5 94.06666666666666%
----------------------- epoch 6---------------------------
-> Train Loss: 0.06495425364679627
-> Testing
-> Test Loss: 0.08592792920271555
801
1369
1500
-> Accuracy of the top 1 53.4%
-> Accuracy of the top 5 91.26666666666667%
----------------------- epoch 7---------------------------
-> Train Loss: 0.05953410420086316
-> Testing
-> Test Loss: 0.0860331335067749
818
1377
1500
-> Accuracy of the top 1 54.53333333333333%
-> Accuracy of the top 5 91.8%
----------------------- epoch 8---------------------------
-> Train Loss: 0.05527321801113723
-> Testing
-> Test Loss: 0.08475595672925314
840
1381
1500
-> Accuracy of the top 1 56.0%
-> Accuracy of the top 5 92.06666666666666%
----------------------- epoch 9---------------------------
-> Train Loss: 0.05078053846830499
-> Testing
-> Test Loss: 0.07464633270104726
910
1407
1500
-> Accuracy of the top 1 60.666666666666664%
-> Accuracy of the top 5 93.8%
----------------------- epoch 10---------------------------
-> Train Loss: 0.04647507343060607
-> Testing
-> Test Loss: 0.09161539967854818
787
1365
1500
-> Accuracy of the top 1 52.46666666666667%
-> Accuracy of the top 5 91.0%
----------------------- epoch 11---------------------------
-> Train Loss: 0.044606578175346655
-> Testing
-> Test Loss: 0.09722125546137492
814
1348
1500
-> Accuracy of the top 1 54.266666666666666%
-> Accuracy of the top 5 89.86666666666666%
----------------------- epoch 12---------------------------
-> Train Loss: 0.04032446757533043
-> Testing
-> Test Loss: 0.07684579592943191
925
1413
1500
-> Accuracy of the top 1 61.666666666666664%
-> Accuracy of the top 5 94.2%
----------------------- epoch 13---------------------------
-> Train Loss: 0.03733020154275687
-> Testing
-> Test Loss: 0.07559898074467977
931
1417
1500
-> Accuracy of the top 1 62.06666666666667%
-> Accuracy of the top 5 94.46666666666667%
----------------------- epoch 14---------------------------
-> Train Loss: 0.03459528955682438
-> Testing
-> Test Loss: 0.07335176805655162
923
1422
1500
-> Accuracy of the top 1 61.53333333333333%
-> Accuracy of the top 5 94.8%
----------------------- epoch 15---------------------------
-> Train Loss: 0.0314266653965466
-> Testing
-> Test Loss: 0.07149693316221237
939
1438
1500
-> Accuracy of the top 1 62.6%
-> Accuracy of the top 5 95.86666666666666%
----------------------- epoch 16---------------------------
-> Train Loss: 0.027714172170389836
-> Testing
-> Test Loss: 0.07921985995769501
909
1421
1500
-> Accuracy of the top 1 60.6%
-> Accuracy of the top 5 94.73333333333333%
----------------------- epoch 17---------------------------
-> Train Loss: 0.02631145689755029
-> Testing
-> Test Loss: 0.08046528321504592
913
1420
1500
-> Accuracy of the top 1 60.86666666666667%
-> Accuracy of the top 5 94.66666666666667%
----------------------- epoch 18---------------------------
-> Train Loss: 0.0242441418981632
-> Testing
-> Test Loss: 0.08234360591570536
914
1419
1500
-> Accuracy of the top 1 60.93333333333333%
-> Accuracy of the top 5 94.6%
----------------------- epoch 19---------------------------
-> Train Loss: 0.020699745623809808
-> Testing
-> Test Loss: 0.08610822788874309
899
1399
1500
-> Accuracy of the top 1 59.93333333333333%
-> Accuracy of the top 5 93.26666666666667%
----------------------- epoch 20---------------------------
-> Train Loss: 0.02006630896897971
-> Testing
-> Test Loss: 0.08736958869298299
906
1397
1500
-> Accuracy of the top 1 60.4%
-> Accuracy of the top 5 93.13333333333334%
----------------------- epoch 21---------------------------
-> Train Loss: 0.017036336122495645
-> Testing
-> Test Loss: 0.08073317007223765
936
1416
1500
-> Accuracy of the top 1 62.4%
-> Accuracy of the top 5 94.4%
----------------------- epoch 22---------------------------
-> Train Loss: 0.017155783189151754
-> Testing
-> Test Loss: 0.08435619994004567
940
1415
1500
-> Accuracy of the top 1 62.666666666666664%
-> Accuracy of the top 5 94.33333333333333%
----------------------- epoch 23---------------------------
-> Train Loss: 0.015660169882266164
-> Testing
-> Test Loss: 0.084069472382466
933
1422
1500
-> Accuracy of the top 1 62.2%
-> Accuracy of the top 5 94.8%
----------------------- epoch 24---------------------------
-> Train Loss: 0.014624955498268656
-> Testing
-> Test Loss: 0.08982135421037674
890
1415
1500
-> Accuracy of the top 1 59.333333333333336%
-> Accuracy of the top 5 94.33333333333333%
----------------------- epoch 25---------------------------
-> Train Loss: 0.013798672791376984
-> Testing
-> Test Loss: 0.08438519614934921
940
1415
1500
-> Accuracy of the top 1 62.666666666666664%
-> Accuracy of the top 5 94.33333333333333%
----------------------- epoch 26---------------------------
-> Train Loss: 0.012192150909871712
-> Testing
-> Test Loss: 0.08527794049183528
957
1418
1500
-> Accuracy of the top 1 63.8%
-> Accuracy of the top 5 94.53333333333333%
----------------------- epoch 27---------------------------
-> Train Loss: 0.010560157496039092
-> Testing
-> Test Loss: 0.09090654549996058
942
1429
1500
-> Accuracy of the top 1 62.8%
-> Accuracy of the top 5 95.26666666666667%
----------------------- epoch 28---------------------------
-> Train Loss: 0.01044114345881208
-> Testing
-> Test Loss: 0.08815037933985392
925
1415
1500
-> Accuracy of the top 1 61.666666666666664%
-> Accuracy of the top 5 94.33333333333333%
----------------------- epoch 29---------------------------
-> Train Loss: 0.01010578746191371
-> Testing
-> Test Loss: 0.08866297262907029
966
1420
1500
-> Accuracy of the top 1 64.4%
-> Accuracy of the top 5 94.66666666666667%
----------------------- epoch 30---------------------------
-> Train Loss: 0.008377726246888314
-> Testing
-> Test Loss: 0.08865312561392784
963
1428
1500
-> Accuracy of the top 1 64.2%
-> Accuracy of the top 5 95.2%
----------------------- epoch 31---------------------------
-> Train Loss: 0.010062344037183564
-> Testing
-> Test Loss: 0.09694959803422291
916
1406
1500
-> Accuracy of the top 1 61.06666666666667%
-> Accuracy of the top 5 93.73333333333333%
----------------------- epoch 32---------------------------
-> Train Loss: 0.007952362571966208
-> Testing
-> Test Loss: 0.08490182646115621
959
1439
1500
-> Accuracy of the top 1 63.93333333333333%
-> Accuracy of the top 5 95.93333333333334%
----------------------- epoch 33---------------------------
-> Train Loss: 0.007154922443637047
-> Testing
-> Test Loss: 0.08865274937947591
978
1423
1500
-> Accuracy of the top 1 65.2%
-> Accuracy of the top 5 94.86666666666666%
----------------------- epoch 34---------------------------
-> Train Loss: 0.007145253617091844
-> Testing
-> Test Loss: 0.0910821593205134
956
1418
1500
-> Accuracy of the top 1 63.733333333333334%
-> Accuracy of the top 5 94.53333333333333%
----------------------- epoch 35---------------------------
-> Train Loss: 0.006217902572279549
-> Testing
-> Test Loss: 0.09335461356242498
941
1417
1500
-> Accuracy of the top 1 62.733333333333334%
-> Accuracy of the top 5 94.46666666666667%
----------------------- epoch 36---------------------------
-> Train Loss: 0.005914160092415872
-> Testing
-> Test Loss: 0.09905669059356054
926
1410
1500
-> Accuracy of the top 1 61.733333333333334%
-> Accuracy of the top 5 94.0%
----------------------- epoch 37---------------------------
-> Train Loss: 0.005977733535660896
-> Testing
-> Test Loss: 0.09744171706835429
951
1423
1500
-> Accuracy of the top 1 63.4%
-> Accuracy of the top 5 94.86666666666666%
----------------------- epoch 38---------------------------
-> Train Loss: 0.005314437529989448
-> Testing
-> Test Loss: 0.102465238849322
952
1419
1500
-> Accuracy of the top 1 63.46666666666667%
-> Accuracy of the top 5 94.6%
----------------------- epoch 39---------------------------
-> Train Loss: 0.00473544746504744
-> Testing
-> Test Loss: 0.09434359409411748
953
1418
1500
-> Accuracy of the top 1 63.53333333333333%
-> Accuracy of the top 5 94.53333333333333%
----------------------- epoch 40---------------------------
-> Train Loss: 0.004355571404726586
-> Testing
-> Test Loss: 0.10037986000378926
954
1419
1500
-> Accuracy of the top 1 63.6%
-> Accuracy of the top 5 94.6%
----------------------- epoch 41---------------------------
-> Train Loss: 0.004897444239713039
-> Testing
-> Test Loss: 0.0945971195101738
949
1430
1500
-> Accuracy of the top 1 63.266666666666666%
-> Accuracy of the top 5 95.33333333333333%
----------------------- epoch 42---------------------------
-> Train Loss: 0.0034150276087392966
-> Testing
-> Test Loss: 0.09714775268236796
961
1412
1500
-> Accuracy of the top 1 64.06666666666666%
-> Accuracy of the top 5 94.13333333333334%
----------------------- epoch 43---------------------------
-> Train Loss: 0.004023582877246491
-> Testing
-> Test Loss: 0.10247231018543243
961
1425
1500
-> Accuracy of the top 1 64.06666666666666%
-> Accuracy of the top 5 95.0%
----------------------- epoch 44---------------------------
-> Train Loss: 0.0038936358015403973
-> Testing
-> Test Loss: 0.0995404559969902
970
1419
1500
-> Accuracy of the top 1 64.66666666666667%
-> Accuracy of the top 5 94.6%
----------------------- epoch 45---------------------------
-> Train Loss: 0.003908973468554953
-> Testing
-> Test Loss: 0.09785749197006226
977
1416
1500
-> Accuracy of the top 1 65.13333333333334%
-> Accuracy of the top 5 94.4%
----------------------- epoch 46---------------------------
-> Train Loss: 0.0033442578654833003
-> Testing
-> Test Loss: 0.10861595884958904
952
1413
1500
-> Accuracy of the top 1 63.46666666666667%
-> Accuracy of the top 5 94.2%
----------------------- epoch 47---------------------------
-> Train Loss: 0.0030804536948089724
-> Testing
-> Test Loss: 0.09862460253636042
974
1430
1500
-> Accuracy of the top 1 64.93333333333334%
-> Accuracy of the top 5 95.33333333333333%
----------------------- epoch 48---------------------------
-> Train Loss: 0.0027109499983692313
-> Testing
-> Test Loss: 0.09977221153179805
972
1425
1500
-> Accuracy of the top 1 64.8%
-> Accuracy of the top 5 95.0%
----------------------- epoch 49---------------------------
-> Train Loss: 0.0026336511514357085
-> Testing
-> Test Loss: 0.10435205644369125
949
1430
1500
-> Accuracy of the top 1 63.266666666666666%
-> Accuracy of the top 5 95.33333333333333%
----------------------- epoch 50---------------------------
-> Train Loss: 0.003517367652737515
-> Testing
-> Test Loss: 0.10108691344658534
959
1421
1500
-> Accuracy of the top 1 63.93333333333333%
-> Accuracy of the top 5 94.73333333333333%
----------------------- epoch 51---------------------------
-> Train Loss: 0.00288836174345009
-> Testing
-> Test Loss: 0.10089434754848481
974
1419
1500
-> Accuracy of the top 1 64.93333333333334%
-> Accuracy of the top 5 94.6%
----------------------- epoch 52---------------------------
-> Train Loss: 0.00292709823181054
-> Testing
-> Test Loss: 0.0980587151447932
987
1429
1500
-> Accuracy of the top 1 65.8%
-> Accuracy of the top 5 95.26666666666667%
----------------------- epoch 53---------------------------
-> Train Loss: 0.0031424777801078393
-> Testing
-> Test Loss: 0.10264864989121755
972
1430
1500
-> Accuracy of the top 1 64.8%
-> Accuracy of the top 5 95.33333333333333%
----------------------- epoch 54---------------------------
-> Train Loss: 0.002309065446502512
-> Testing
-> Test Loss: 0.10151532264550527
969
1435
1500
-> Accuracy of the top 1 64.6%
-> Accuracy of the top 5 95.66666666666667%
----------------------- epoch 55---------------------------
-> Train Loss: 0.0023174727162996764
-> Testing
-> Test Loss: 0.1029073947072029
970
1424
1500
-> Accuracy of the top 1 64.66666666666667%
-> Accuracy of the top 5 94.93333333333334%
----------------------- epoch 56---------------------------
-> Train Loss: 0.00232067686615596
-> Testing
-> Test Loss: 0.10796810161074002
952
1422
1500
-> Accuracy of the top 1 63.46666666666667%
-> Accuracy of the top 5 94.8%
----------------------- epoch 57---------------------------
-> Train Loss: 0.002133786026817408
-> Testing
-> Test Loss: 0.11141843070586523
937
1421
1500
-> Accuracy of the top 1 62.46666666666667%
-> Accuracy of the top 5 94.73333333333333%
----------------------- epoch 58---------------------------
-> Train Loss: 0.002080539480308804
-> Testing
-> Test Loss: 0.10187033867835998
966
1432
1500
-> Accuracy of the top 1 64.4%
-> Accuracy of the top 5 95.46666666666667%
----------------------- epoch 59---------------------------
-> Train Loss: 0.0025529410356033276
-> Testing
-> Test Loss: 0.09900096072132389
995
1412
1500
-> Accuracy of the top 1 66.33333333333333%
-> Accuracy of the top 5 94.13333333333334%
----------------------- epoch 0---------------------------
-> Train Loss: 0.16743162840455023
-> Testing
-> Test Loss: 0.170388974348704
110
544
1500
-> Accuracy of the top 1 7.333333333333333%
-> Accuracy of the top 5 36.266666666666666%
----------------------- epoch 1---------------------------
-> Train Loss: 0.16223519491390567
-> Testing
-> Test Loss: 0.1615270276069641
205
772
1500
-> Accuracy of the top 1 13.666666666666666%
-> Accuracy of the top 5 51.46666666666667%
----------------------- epoch 2---------------------------
-> Train Loss: 0.14795933708273984
-> Testing
-> Test Loss: 0.1463369239171346
347
962
1500
-> Accuracy of the top 1 23.133333333333333%
-> Accuracy of the top 5 64.13333333333334%
----------------------- epoch 3---------------------------
-> Train Loss: 0.13724449643337946
-> Testing
-> Test Loss: 0.1341871341864268
482
1066
1500
-> Accuracy of the top 1 32.13333333333333%
-> Accuracy of the top 5 71.06666666666666%
----------------------- epoch 4---------------------------
-> Train Loss: 0.12478413653733143
-> Testing
-> Test Loss: 0.12404356400171916
491
1184
1500
-> Accuracy of the top 1 32.733333333333334%
-> Accuracy of the top 5 78.93333333333334%
----------------------- epoch 5---------------------------
-> Train Loss: 0.11164922973818116
-> Testing
-> Test Loss: 0.11475352493921916
585
1220
1500
-> Accuracy of the top 1 39.0%
-> Accuracy of the top 5 81.33333333333333%
----------------------- epoch 6---------------------------
-> Train Loss: 0.10218694779142064
-> Testing
-> Test Loss: 0.10572877693176269
645
1287
1500
-> Accuracy of the top 1 43.0%
-> Accuracy of the top 5 85.8%
----------------------- epoch 7---------------------------
-> Train Loss: 0.09598287401886242
-> Testing
-> Test Loss: 0.09522597893079122
724
1351
1500
-> Accuracy of the top 1 48.266666666666666%
-> Accuracy of the top 5 90.06666666666666%
----------------------- epoch 8---------------------------
-> Train Loss: 0.08941247357395626
-> Testing
-> Test Loss: 0.09499870304266611
733
1341
1500
-> Accuracy of the top 1 48.86666666666667%
-> Accuracy of the top 5 89.4%
----------------------- epoch 9---------------------------
-> Train Loss: 0.08649128845189284
-> Testing
-> Test Loss: 0.0937879327138265
745
1355
1500
-> Accuracy of the top 1 49.666666666666664%
-> Accuracy of the top 5 90.33333333333333%
----------------------- epoch 10---------------------------
-> Train Loss: 0.07966775133382135
-> Testing
-> Test Loss: 0.08830226016044616
785
1387
1500
-> Accuracy of the top 1 52.333333333333336%
-> Accuracy of the top 5 92.46666666666667%
----------------------- epoch 11---------------------------
-> Train Loss: 0.0744745953897735
-> Testing
-> Test Loss: 0.07429616105556489
919
1433
1500
-> Accuracy of the top 1 61.266666666666666%
-> Accuracy of the top 5 95.53333333333333%
----------------------- epoch 12---------------------------
-> Train Loss: 0.07161031044907307
-> Testing
-> Test Loss: 0.07994971299171448
847
1405
1500
-> Accuracy of the top 1 56.46666666666667%
-> Accuracy of the top 5 93.66666666666667%
----------------------- epoch 13---------------------------
-> Train Loss: 0.06780150691468512
-> Testing
-> Test Loss: 0.07540771635373433
887
1410
1500
-> Accuracy of the top 1 59.13333333333333%
-> Accuracy of the top 5 94.0%
----------------------- epoch 14---------------------------
-> Train Loss: 0.06750858786517451
-> Testing
-> Test Loss: 0.07294304724534352
902
1422
1500
-> Accuracy of the top 1 60.13333333333333%
-> Accuracy of the top 5 94.8%
----------------------- epoch 15---------------------------
-> Train Loss: 0.06043880014763006
-> Testing
-> Test Loss: 0.07261919963359832
905
1427
1500
-> Accuracy of the top 1 60.333333333333336%
-> Accuracy of the top 5 95.13333333333334%
----------------------- epoch 16---------------------------
-> Train Loss: 0.0568761575461632
-> Testing
-> Test Loss: 0.07140897742907207
921
1437
1500
-> Accuracy of the top 1 61.4%
-> Accuracy of the top 5 95.8%
----------------------- epoch 17---------------------------
-> Train Loss: 0.05569318764573166
-> Testing
-> Test Loss: 0.06540285646915436
978
1439
1500
-> Accuracy of the top 1 65.2%
-> Accuracy of the top 5 95.93333333333334%
----------------------- epoch 18---------------------------
-> Train Loss: 0.054096911271013806
-> Testing
-> Test Loss: 0.07210817050933838
924
1411
1500
-> Accuracy of the top 1 61.6%
-> Accuracy of the top 5 94.06666666666666%
----------------------- epoch 19---------------------------
-> Train Loss: 0.05026111591800773
-> Testing
-> Test Loss: 0.06340106060107549
984
1444
1500
-> Accuracy of the top 1 65.6%
-> Accuracy of the top 5 96.26666666666667%
----------------------- epoch 20---------------------------
-> Train Loss: 0.04894153136304475
-> Testing
-> Test Loss: 0.06486604926983515
975
1444
1500
-> Accuracy of the top 1 65.0%
-> Accuracy of the top 5 96.26666666666667%
----------------------- epoch 21---------------------------
-> Train Loss: 0.04561689361255972
-> Testing
-> Test Loss: 0.07482918115456899
913
1413
1500
-> Accuracy of the top 1 60.86666666666667%
-> Accuracy of the top 5 94.2%
----------------------- epoch 22---------------------------
-> Train Loss: 0.0437611276580261
-> Testing
-> Test Loss: 0.06002303433418274
1020
1453
1500
-> Accuracy of the top 1 68.0%
-> Accuracy of the top 5 96.86666666666666%
----------------------- epoch 23---------------------------
-> Train Loss: 0.04244985193812867
-> Testing
-> Test Loss: 0.06238448202610016
1006
1447
1500
-> Accuracy of the top 1 67.06666666666666%
-> Accuracy of the top 5 96.46666666666667%
----------------------- epoch 24---------------------------
-> Train Loss: 0.03924974997838338
-> Testing
-> Test Loss: 0.05859549456834793
1020
1449
1500
-> Accuracy of the top 1 68.0%
-> Accuracy of the top 5 96.6%
----------------------- epoch 25---------------------------
-> Train Loss: 0.03731186251644313
-> Testing
-> Test Loss: 0.06183529381950696
1030
1454
1500
-> Accuracy of the top 1 68.66666666666667%
-> Accuracy of the top 5 96.93333333333334%
----------------------- epoch 26---------------------------
-> Train Loss: 0.03525621711309232
-> Testing
-> Test Loss: 0.05877426828940709
1037
1447
1500
-> Accuracy of the top 1 69.13333333333334%
-> Accuracy of the top 5 96.46666666666667%
----------------------- epoch 27---------------------------
-> Train Loss: 0.035252244378653805
-> Testing
-> Test Loss: 0.05698107438286146
1042
1458
1500
-> Accuracy of the top 1 69.46666666666667%
-> Accuracy of the top 5 97.2%
----------------------- epoch 28---------------------------
-> Train Loss: 0.03342718197971932
-> Testing
-> Test Loss: 0.05868740544716517
1057
1460
1500
-> Accuracy of the top 1 70.46666666666667%
-> Accuracy of the top 5 97.33333333333333%
----------------------- epoch 29---------------------------
-> Train Loss: 0.030973173273568178
-> Testing
-> Test Loss: 0.06628044879436493
1016
1435
1500
-> Accuracy of the top 1 67.73333333333333%
-> Accuracy of the top 5 95.66666666666667%
----------------------- epoch 30---------------------------
-> Train Loss: 0.028963452075893556
-> Testing
-> Test Loss: 0.06125748074054718
1053
1467
1500
-> Accuracy of the top 1 70.2%
-> Accuracy of the top 5 97.8%
----------------------- epoch 31---------------------------
-> Train Loss: 0.027455763074521043
-> Testing
-> Test Loss: 0.05712448155879974
1065
1468
1500
-> Accuracy of the top 1 71.0%
-> Accuracy of the top 5 97.86666666666666%
----------------------- epoch 32---------------------------
-> Train Loss: 0.025086600471980608
-> Testing
-> Test Loss: 0.06002123788992564
1061
1445
1500
-> Accuracy of the top 1 70.73333333333333%
-> Accuracy of the top 5 96.33333333333333%
----------------------- epoch 33---------------------------
-> Train Loss: 0.02523851818100891
-> Testing
-> Test Loss: 0.06777918432156245
1015
1455
1500
-> Accuracy of the top 1 67.66666666666667%
-> Accuracy of the top 5 97.0%
----------------------- epoch 34---------------------------
-> Train Loss: 0.026554636790774376
-> Testing
-> Test Loss: 0.06794457789262136
1001
1434
1500
-> Accuracy of the top 1 66.73333333333333%
-> Accuracy of the top 5 95.6%
----------------------- epoch 35---------------------------
-> Train Loss: 0.02327184717559335
-> Testing
-> Test Loss: 0.07047288749615352
1014
1450
1500
-> Accuracy of the top 1 67.6%
-> Accuracy of the top 5 96.66666666666667%
----------------------- epoch 36---------------------------
-> Train Loss: 0.021077827897103787
-> Testing
-> Test Loss: 0.06495478880405427
1066
1454
1500
-> Accuracy of the top 1 71.06666666666666%
-> Accuracy of the top 5 96.93333333333334%
----------------------- epoch 37---------------------------
-> Train Loss: 0.02152487797478535
-> Testing
-> Test Loss: 0.06878076500693957
1028
1452
1500
-> Accuracy of the top 1 68.53333333333333%
-> Accuracy of the top 5 96.8%
----------------------- epoch 38---------------------------
-> Train Loss: 0.019750375885959445
-> Testing
-> Test Loss: 0.06312683900197347
1065
1460
1500
-> Accuracy of the top 1 71.0%
-> Accuracy of the top 5 97.33333333333333%
----------------------- epoch 39---------------------------
-> Train Loss: 0.0215517852979539
-> Testing
-> Test Loss: 0.06248575912664334
1048
1457
1500
-> Accuracy of the top 1 69.86666666666666%
-> Accuracy of the top 5 97.13333333333334%
----------------------- epoch 40---------------------------
-> Train Loss: 0.017058516435412507
-> Testing
-> Test Loss: 0.06813751780986786
1061
1460
1500
-> Accuracy of the top 1 70.73333333333333%
-> Accuracy of the top 5 97.33333333333333%
----------------------- epoch 41---------------------------
-> Train Loss: 0.014171716736838647
-> Testing
-> Test Loss: 0.06599228273828825
1090
1451
1500
-> Accuracy of the top 1 72.66666666666667%
-> Accuracy of the top 5 96.73333333333333%
----------------------- epoch 42---------------------------
-> Train Loss: 0.01630049368344759
-> Testing
-> Test Loss: 0.0674950873653094
1058
1469
1500
-> Accuracy of the top 1 70.53333333333333%
-> Accuracy of the top 5 97.93333333333334%
----------------------- epoch 43---------------------------
-> Train Loss: 0.014147086979250363
-> Testing
-> Test Loss: 0.0729192440311114
1053
1458
1500
-> Accuracy of the top 1 70.2%
-> Accuracy of the top 5 97.2%
----------------------- epoch 44---------------------------
-> Train Loss: 0.013446546646718004
-> Testing
-> Test Loss: 0.07229023298621177
1059
1451
1500
-> Accuracy of the top 1 70.6%
-> Accuracy of the top 5 96.73333333333333%
----------------------- epoch 45---------------------------
-> Train Loss: 0.015009113478550759
-> Testing
-> Test Loss: 0.06681176954507828
1048
1457
1500
-> Accuracy of the top 1 69.86666666666666%
-> Accuracy of the top 5 97.13333333333334%
----------------------- epoch 46---------------------------
-> Train Loss: 0.014925408655375092
-> Testing
-> Test Loss: 0.06595045973857244
1078
1459
1500
-> Accuracy of the top 1 71.86666666666666%
-> Accuracy of the top 5 97.26666666666667%
----------------------- epoch 47---------------------------
-> Train Loss: 0.011410186988250096
-> Testing
-> Test Loss: 0.07035592172543208
1073
1446
1500
-> Accuracy of the top 1 71.53333333333333%
-> Accuracy of the top 5 96.4%
----------------------- epoch 48---------------------------
-> Train Loss: 0.011898893984955061
-> Testing
-> Test Loss: 0.07035959742466609
1084
1454
1500
-> Accuracy of the top 1 72.26666666666667%
-> Accuracy of the top 5 96.93333333333334%
----------------------- epoch 49---------------------------
-> Train Loss: 0.009874671702608591
-> Testing
-> Test Loss: 0.07864654313524565
1037
1461
1500
-> Accuracy of the top 1 69.13333333333334%
-> Accuracy of the top 5 97.4%
----------------------- epoch 50---------------------------
-> Train Loss: 0.012515219457297768
-> Testing
-> Test Loss: 0.07537463594973087
1050
1459
1500
-> Accuracy of the top 1 70.0%
-> Accuracy of the top 5 97.26666666666667%
----------------------- epoch 51---------------------------
-> Train Loss: 0.010755123508941238
-> Testing
-> Test Loss: 0.07796280498305956
1024
1442
1500
-> Accuracy of the top 1 68.26666666666667%
-> Accuracy of the top 5 96.13333333333334%
----------------------- epoch 52---------------------------
-> Train Loss: 0.009601672634738224
-> Testing
-> Test Loss: 0.07453476100166638
1074
1461
1500
-> Accuracy of the top 1 71.6%
-> Accuracy of the top 5 97.4%
----------------------- epoch 53---------------------------
-> Train Loss: 0.009958314226700033
-> Testing
-> Test Loss: 0.0815551349123319
1022
1445
1500
-> Accuracy of the top 1 68.13333333333334%
-> Accuracy of the top 5 96.33333333333333%
----------------------- epoch 54---------------------------
-> Train Loss: 0.008452475292395982
-> Testing
-> Test Loss: 0.07544635939598084
1070
1457
1500
-> Accuracy of the top 1 71.33333333333333%
-> Accuracy of the top 5 97.13333333333334%
----------------------- epoch 55---------------------------
-> Train Loss: 0.010199152717485374
-> Testing
-> Test Loss: 0.07749451551834742
1048
1451
1500
-> Accuracy of the top 1 69.86666666666666%
-> Accuracy of the top 5 96.73333333333333%
----------------------- epoch 56---------------------------
-> Train Loss: 0.010569402190873796
-> Testing
-> Test Loss: 0.07378376785914104
1059
1449
1500
-> Accuracy of the top 1 70.6%
-> Accuracy of the top 5 96.6%
----------------------- epoch 57---------------------------
-> Train Loss: 0.008504564511407185
-> Testing
-> Test Loss: 0.08332054105401039
1034
1441
1500
-> Accuracy of the top 1 68.93333333333334%
-> Accuracy of the top 5 96.06666666666666%
----------------------- epoch 58---------------------------
-> Train Loss: 0.007539800539459889
-> Testing
-> Test Loss: 0.07818274811158578
1076
1449
1500
-> Accuracy of the top 1 71.73333333333333%
-> Accuracy of the top 5 96.6%
----------------------- epoch 59---------------------------
-> Train Loss: 0.007823052463765995
-> Testing
-> Test Loss: 0.08642385173837344
1032
1445
1500
-> Accuracy of the top 1 68.8%
-> Accuracy of the top 5 96.33333333333333%
----------------------- epoch 0---------------------------
-> Train Loss: 0.1692981362941876
-> Testing
-> Test Loss: 0.16976303052902222
100
535
1500
-> Accuracy of the top 1 6.666666666666667%
-> Accuracy of the top 5 35.666666666666664%
----------------------- epoch 1---------------------------
-> Train Loss: 0.16756325343146397
-> Testing
-> Test Loss: 0.17076397482554118
120
511
1500
-> Accuracy of the top 1 8.0%
-> Accuracy of the top 5 34.06666666666667%
----------------------- epoch 2---------------------------
-> Train Loss: 0.16606546646386536
-> Testing
-> Test Loss: 0.1699404665629069
157
554
1500
-> Accuracy of the top 1 10.466666666666667%
-> Accuracy of the top 5 36.93333333333333%
----------------------- epoch 3---------------------------
-> Train Loss: 0.16309537480224917
-> Testing
-> Test Loss: 0.16567459154129027
171
685
1500
-> Accuracy of the top 1 11.4%
-> Accuracy of the top 5 45.666666666666664%
----------------------- epoch 4---------------------------
-> Train Loss: 0.15472339944823504
-> Testing
-> Test Loss: 0.16130747636159262
257
739
1500
-> Accuracy of the top 1 17.133333333333333%
-> Accuracy of the top 5 49.266666666666666%
----------------------- epoch 5---------------------------
-> Train Loss: 0.15105704011230214
-> Testing
-> Test Loss: 0.15525524679819744
296
856
1500
-> Accuracy of the top 1 19.733333333333334%
-> Accuracy of the top 5 57.06666666666667%
----------------------- epoch 6---------------------------
-> Train Loss: 0.1450360050952215
-> Testing
-> Test Loss: 0.1450352317492167
366
949
1500
-> Accuracy of the top 1 24.4%
-> Accuracy of the top 5 63.266666666666666%
----------------------- epoch 7---------------------------
-> Train Loss: 0.1391630724646538
-> Testing
-> Test Loss: 0.1415813427766164
407
1014
1500
-> Accuracy of the top 1 27.133333333333333%
-> Accuracy of the top 5 67.6%
----------------------- epoch 8---------------------------
-> Train Loss: 0.1323609396041538
-> Testing
-> Test Loss: 0.13402697531382243
473
1070
1500
-> Accuracy of the top 1 31.533333333333335%
-> Accuracy of the top 5 71.33333333333333%
----------------------- epoch 9---------------------------
-> Train Loss: 0.1183509698864603
-> Testing
-> Test Loss: 0.11388738894462586
564
1254
1500
-> Accuracy of the top 1 37.6%
-> Accuracy of the top 5 83.6%
----------------------- epoch 10---------------------------
-> Train Loss: 0.11005644339013539
-> Testing
-> Test Loss: 0.1097924652894338
594
1300
1500
-> Accuracy of the top 1 39.6%
-> Accuracy of the top 5 86.66666666666667%
----------------------- epoch 11---------------------------
-> Train Loss: 0.10506093855479255
-> Testing
-> Test Loss: 0.10941536053021748
576
1269
1500
-> Accuracy of the top 1 38.4%
-> Accuracy of the top 5 84.6%
----------------------- epoch 12---------------------------
-> Train Loss: 0.09735592413986947
-> Testing
-> Test Loss: 0.1024205793539683
664
1281
1500
-> Accuracy of the top 1 44.266666666666666%
-> Accuracy of the top 5 85.4%
----------------------- epoch 13---------------------------
-> Train Loss: 0.09478165991541929
-> Testing
-> Test Loss: 0.10194276388486226
646
1324
1500
-> Accuracy of the top 1 43.06666666666667%
-> Accuracy of the top 5 88.26666666666667%
----------------------- epoch 14---------------------------
-> Train Loss: 0.09084431266465179
-> Testing
-> Test Loss: 0.09539094765981039
739
1335
1500
-> Accuracy of the top 1 49.266666666666666%
-> Accuracy of the top 5 89.0%
----------------------- epoch 15---------------------------
-> Train Loss: 0.08789819958221973
-> Testing
-> Test Loss: 0.09173854756355286
762
1357
1500
-> Accuracy of the top 1 50.8%
-> Accuracy of the top 5 90.46666666666667%
----------------------- epoch 16---------------------------
-> Train Loss: 0.08050935514009179
-> Testing
-> Test Loss: 0.08416342107454935
798
1405
1500
-> Accuracy of the top 1 53.2%
-> Accuracy of the top 5 93.66666666666667%
----------------------- epoch 17---------------------------
-> Train Loss: 0.07770649971474755
-> Testing
-> Test Loss: 0.07892234333356221
842
1405
1500
-> Accuracy of the top 1 56.13333333333333%
-> Accuracy of the top 5 93.66666666666667%
----------------------- epoch 18---------------------------
-> Train Loss: 0.07411055792516201
-> Testing
-> Test Loss: 0.08616733237107595
752
1394
1500
-> Accuracy of the top 1 50.13333333333333%
-> Accuracy of the top 5 92.93333333333334%
----------------------- epoch 19---------------------------
-> Train Loss: 0.06785413819541485
-> Testing
-> Test Loss: 0.07673397739728292
837
1415
1500
-> Accuracy of the top 1 55.8%
-> Accuracy of the top 5 94.33333333333333%
----------------------- epoch 20---------------------------
-> Train Loss: 0.06690601581704476
-> Testing
-> Test Loss: 0.0778766478697459
894
1389
1500
-> Accuracy of the top 1 59.6%
-> Accuracy of the top 5 92.6%
----------------------- epoch 21---------------------------
-> Train Loss: 0.06252869823869549
-> Testing
-> Test Loss: 0.06647859571377436
929
1439
1500
-> Accuracy of the top 1 61.93333333333333%
-> Accuracy of the top 5 95.93333333333334%
----------------------- epoch 22---------------------------
-> Train Loss: 0.06032714111920777
-> Testing
-> Test Loss: 0.06662883325417837
940
1439
1500
-> Accuracy of the top 1 62.666666666666664%
-> Accuracy of the top 5 95.93333333333334%
----------------------- epoch 23---------------------------
-> Train Loss: 0.06046814575067517
-> Testing
-> Test Loss: 0.06588942792018254
958
1443
1500
-> Accuracy of the top 1 63.86666666666667%
-> Accuracy of the top 5 96.2%
----------------------- epoch 24---------------------------
-> Train Loss: 0.05488116544495076
-> Testing
-> Test Loss: 0.06506550067663193
960
1441
1500
-> Accuracy of the top 1 64.0%
-> Accuracy of the top 5 96.06666666666666%
----------------------- epoch 25---------------------------
-> Train Loss: 0.05265324977374756
-> Testing
-> Test Loss: 0.0650462941924731
961
1451
1500
-> Accuracy of the top 1 64.06666666666666%
-> Accuracy of the top 5 96.73333333333333%
----------------------- epoch 26---------------------------
-> Train Loss: 0.05245326682550823
-> Testing
-> Test Loss: 0.060789590179920194
993
1451
1500
-> Accuracy of the top 1 66.2%
-> Accuracy of the top 5 96.73333333333333%
----------------------- epoch 27---------------------------
-> Train Loss: 0.051282588680784905
-> Testing
-> Test Loss: 0.06457235878705979
992
1451
1500
-> Accuracy of the top 1 66.13333333333334%
-> Accuracy of the top 5 96.73333333333333%
----------------------- epoch 28---------------------------
-> Train Loss: 0.047281670200964514
-> Testing
-> Test Loss: 0.08126923831303914
864
1392
1500
-> Accuracy of the top 1 57.6%
-> Accuracy of the top 5 92.8%
----------------------- epoch 29---------------------------
-> Train Loss: 0.04721329289065733
-> Testing
-> Test Loss: 0.05744335518280665
1033
1455
1500
-> Accuracy of the top 1 68.86666666666666%
-> Accuracy of the top 5 97.0%
----------------------- epoch 30---------------------------
-> Train Loss: 0.04349692206286905
-> Testing
-> Test Loss: 0.062067686259746555
1023
1456
1500
-> Accuracy of the top 1 68.2%
-> Accuracy of the top 5 97.06666666666666%
----------------------- epoch 31---------------------------
-> Train Loss: 0.04372337531404479
-> Testing
-> Test Loss: 0.05926239955425262
1008
1460
1500
-> Accuracy of the top 1 67.2%
-> Accuracy of the top 5 97.33333333333333%
----------------------- epoch 32---------------------------
-> Train Loss: 0.04365694414031765
-> Testing
-> Test Loss: 0.05701992841561635
1061
1454
1500
-> Accuracy of the top 1 70.73333333333333%
-> Accuracy of the top 5 96.93333333333334%
----------------------- epoch 33---------------------------
-> Train Loss: 0.039064417956662136
-> Testing
-> Test Loss: 0.0558920495112737
1058
1459
1500
-> Accuracy of the top 1 70.53333333333333%
-> Accuracy of the top 5 97.26666666666667%
----------------------- epoch 34---------------------------
-> Train Loss: 0.03687959716996955
-> Testing
-> Test Loss: 0.053036296884218855
1077
1465
1500
-> Accuracy of the top 1 71.8%
-> Accuracy of the top 5 97.66666666666667%
----------------------- epoch 35---------------------------
-> Train Loss: 0.03789881076445332
-> Testing
-> Test Loss: 0.05959638710816701
1022
1447
1500
-> Accuracy of the top 1 68.13333333333334%
-> Accuracy of the top 5 96.46666666666667%
----------------------- epoch 36---------------------------
-> Train Loss: 0.03635373465479718
-> Testing
-> Test Loss: 0.0620013530254364
1009
1446
1500
-> Accuracy of the top 1 67.26666666666667%
-> Accuracy of the top 5 96.4%
----------------------- epoch 37---------------------------
-> Train Loss: 0.03311993003740183
-> Testing
-> Test Loss: 0.06498591295878092
991
1445
1500
-> Accuracy of the top 1 66.06666666666666%
-> Accuracy of the top 5 96.33333333333333%
----------------------- epoch 38---------------------------
-> Train Loss: 0.031356626354669605
-> Testing
-> Test Loss: 0.06649265412489573
1026
1444
1500
-> Accuracy of the top 1 68.4%
-> Accuracy of the top 5 96.26666666666667%
----------------------- epoch 39---------------------------
-> Train Loss: 0.032425860828490714
-> Testing
-> Test Loss: 0.06609490819772085
1037
1446
1500
-> Accuracy of the top 1 69.13333333333334%
-> Accuracy of the top 5 96.4%
----------------------- epoch 40---------------------------
-> Train Loss: 0.03310359617323931
-> Testing
-> Test Loss: 0.0551108592748642
1060
1470
1500
-> Accuracy of the top 1 70.66666666666667%
-> Accuracy of the top 5 98.0%
----------------------- epoch 41---------------------------
-> Train Loss: 0.030640175966062336
-> Testing
-> Test Loss: 0.05665140261252721
1052
1459
1500
-> Accuracy of the top 1 70.13333333333334%
-> Accuracy of the top 5 97.26666666666667%
----------------------- epoch 42---------------------------
-> Train Loss: 0.029337584041371018
-> Testing
-> Test Loss: 0.07114512024323146
990
1440
1500
-> Accuracy of the top 1 66.0%
-> Accuracy of the top 5 96.0%
----------------------- epoch 43---------------------------
-> Train Loss: 0.0270152749078757
-> Testing
-> Test Loss: 0.054281805684169133
1101
1461
1500
-> Accuracy of the top 1 73.4%
-> Accuracy of the top 5 97.4%
----------------------- epoch 44---------------------------
-> Train Loss: 0.026766635802023774
-> Testing
-> Test Loss: 0.054019318143526715
1095
1474
1500
-> Accuracy of the top 1 73.0%
-> Accuracy of the top 5 98.26666666666667%
----------------------- epoch 45---------------------------
-> Train Loss: 0.02391479726961909
-> Testing
-> Test Loss: 0.05582106639941534
1099
1461
1500
-> Accuracy of the top 1 73.26666666666667%
-> Accuracy of the top 5 97.4%
----------------------- epoch 46---------------------------
-> Train Loss: 0.026201047709639148
-> Testing
-> Test Loss: 0.0580495504240195
1079
1458
1500
-> Accuracy of the top 1 71.93333333333334%
-> Accuracy of the top 5 97.2%
----------------------- epoch 47---------------------------
-> Train Loss: 0.024895755525747035
-> Testing
-> Test Loss: 0.05533854746818542
1083
1467
1500
-> Accuracy of the top 1 72.2%
-> Accuracy of the top 5 97.8%
----------------------- epoch 48---------------------------
-> Train Loss: 0.02350890602623198
-> Testing
-> Test Loss: 0.05279754780729612
1125
1466
1500
-> Accuracy of the top 1 75.0%
-> Accuracy of the top 5 97.73333333333333%
----------------------- epoch 49---------------------------
-> Train Loss: 0.021844094898707703
-> Testing
-> Test Loss: 0.05539801186323166
1090
1458
1500
-> Accuracy of the top 1 72.66666666666667%
-> Accuracy of the top 5 97.2%
----------------------- epoch 50---------------------------
-> Train Loss: 0.0217723238776427
-> Testing
-> Test Loss: 0.05071595257520676
1125
1470
1500
-> Accuracy of the top 1 75.0%
-> Accuracy of the top 5 98.0%
----------------------- epoch 51---------------------------
-> Train Loss: 0.0174162399647773
-> Testing
-> Test Loss: 0.057646431028842926
1111
1465
1500
-> Accuracy of the top 1 74.06666666666666%
-> Accuracy of the top 5 97.66666666666667%
----------------------- epoch 52---------------------------
-> Train Loss: 0.021070809266100977
-> Testing
-> Test Loss: 0.058558955212434136
1059
1453
1500
-> Accuracy of the top 1 70.6%
-> Accuracy of the top 5 96.86666666666666%
----------------------- epoch 53---------------------------
-> Train Loss: 0.019092860563316535
-> Testing
-> Test Loss: 0.06103218918045362
1076
1444
1500
-> Accuracy of the top 1 71.73333333333333%
-> Accuracy of the top 5 96.26666666666667%
----------------------- epoch 54---------------------------
-> Train Loss: 0.015818598829958605
-> Testing
-> Test Loss: 0.057727612326542534
1100
1466
1500
-> Accuracy of the top 1 73.33333333333333%
-> Accuracy of the top 5 97.73333333333333%
----------------------- epoch 55---------------------------
-> Train Loss: 0.018787848443990975
-> Testing
-> Test Loss: 0.0675473969578743
1026
1445
1500
-> Accuracy of the top 1 68.4%
-> Accuracy of the top 5 96.33333333333333%
----------------------- epoch 56---------------------------
-> Train Loss: 0.015411883743302008
-> Testing
-> Test Loss: 0.06061708932866653
1116
1461
1500
-> Accuracy of the top 1 74.4%
-> Accuracy of the top 5 97.4%
----------------------- epoch 57---------------------------
-> Train Loss: 0.01564940900902203
-> Testing
-> Test Loss: 0.06964659853776296
1085
1463
1500
-> Accuracy of the top 1 72.33333333333333%
-> Accuracy of the top 5 97.53333333333333%
----------------------- epoch 58---------------------------
-> Train Loss: 0.01607783666283042
-> Testing
-> Test Loss: 0.05537473652760188
1126
1461
1500
-> Accuracy of the top 1 75.06666666666666%
-> Accuracy of the top 5 97.4%
----------------------- epoch 59---------------------------
-> Train Loss: 0.015355416615704196
-> Testing
-> Test Loss: 0.07437774871786436
1037
1455
1500
-> Accuracy of the top 1 69.13333333333334%
-> Accuracy of the top 5 97.0%
----------------------- epoch 0---------------------------
-> Train Loss: 0.04626190695830526
-> Testing
-> Test Loss: 0.03293046182890733
1214
1487
1500
-> Accuracy of the top 1 80.93333333333334%
-> Accuracy of the top 5 99.13333333333334%
----------------------- epoch 1---------------------------
-> Train Loss: 0.024965185910413412
-> Testing
-> Test Loss: 0.029245429039001465
1257
1493
1500
-> Accuracy of the top 1 83.8%
-> Accuracy of the top 5 99.53333333333333%
----------------------- epoch 2---------------------------
-> Train Loss: 0.02274237541697133
-> Testing
-> Test Loss: 0.03043933816254139
1253
1497
1500
-> Accuracy of the top 1 83.53333333333333%
-> Accuracy of the top 5 99.8%
----------------------- epoch 3---------------------------
-> Train Loss: 0.02174309014874687
-> Testing
-> Test Loss: 0.031971092129747074
1245
1499
1500
-> Accuracy of the top 1 83.0%
-> Accuracy of the top 5 99.93333333333334%
----------------------- epoch 4---------------------------
-> Train Loss: 0.019461654665781626
-> Testing
-> Test Loss: 0.028348882205784322
1276
1496
1500
-> Accuracy of the top 1 85.06666666666666%
-> Accuracy of the top 5 99.73333333333333%
----------------------- epoch 5---------------------------
-> Train Loss: 0.016772877044314315
-> Testing
-> Test Loss: 0.031517782285809516
1261
1496
1500
-> Accuracy of the top 1 84.06666666666666%
-> Accuracy of the top 5 99.73333333333333%
----------------------- epoch 6---------------------------
-> Train Loss: 0.01682383833449939
-> Testing
-> Test Loss: 0.03448455851152539
1250
1493
1500
-> Accuracy of the top 1 83.33333333333333%
-> Accuracy of the top 5 99.53333333333333%
----------------------- epoch 7---------------------------
-> Train Loss: 0.013938333984882489
-> Testing
-> Test Loss: 0.03489788206418355
1237
1493
1500
-> Accuracy of the top 1 82.46666666666667%
-> Accuracy of the top 5 99.53333333333333%
----------------------- epoch 8---------------------------
-> Train Loss: 0.01244970541447401
-> Testing
-> Test Loss: 0.030235493096212547
1256
1494
1500
-> Accuracy of the top 1 83.73333333333333%
-> Accuracy of the top 5 99.6%
----------------------- epoch 9---------------------------
-> Train Loss: 0.0135700180207752
-> Testing
-> Test Loss: 0.029276037440324823
1263
1495
1500
-> Accuracy of the top 1 84.2%
-> Accuracy of the top 5 99.66666666666667%
----------------------- epoch 10---------------------------
-> Train Loss: 0.011522743952970708
-> Testing
-> Test Loss: 0.03275023255248864
1259
1496
1500
-> Accuracy of the top 1 83.93333333333334%
-> Accuracy of the top 5 99.73333333333333%
----------------------- epoch 11---------------------------
-> Train Loss: 0.013378606024362034
-> Testing
-> Test Loss: 0.030002809152007103
1267
1496
1500
-> Accuracy of the top 1 84.46666666666667%
-> Accuracy of the top 5 99.73333333333333%
----------------------- epoch 12---------------------------
-> Train Loss: 0.012094843934463272
-> Testing
-> Test Loss: 0.03180203681190809
1261
1496
1500
-> Accuracy of the top 1 84.06666666666666%
-> Accuracy of the top 5 99.73333333333333%
----------------------- epoch 13---------------------------
-> Train Loss: 0.011770893892950348
-> Testing
-> Test Loss: 0.02914105480412642
1274
1493
1500
-> Accuracy of the top 1 84.93333333333334%
-> Accuracy of the top 5 99.53333333333333%
----------------------- epoch 14---------------------------
-> Train Loss: 0.012525521485693442
-> Testing
-> Test Loss: 0.02923399362216393
1283
1495
1500
-> Accuracy of the top 1 85.53333333333333%
-> Accuracy of the top 5 99.66666666666667%
----------------------- epoch 15---------------------------
-> Train Loss: 0.009681100395494071
-> Testing
-> Test Loss: 0.031875418124099573
1270
1495
1500
-> Accuracy of the top 1 84.66666666666667%
-> Accuracy of the top 5 99.66666666666667%
----------------------- epoch 16---------------------------
-> Train Loss: 0.010817684856254351
-> Testing
-> Test Loss: 0.03677041200920939
1236
1492
1500
-> Accuracy of the top 1 82.4%
-> Accuracy of the top 5 99.46666666666667%
----------------------- epoch 17---------------------------
-> Train Loss: 0.00971529199874381
-> Testing
-> Test Loss: 0.029641189377754926
1268
1495
1500
-> Accuracy of the top 1 84.53333333333333%
-> Accuracy of the top 5 99.66666666666667%
----------------------- epoch 18---------------------------
-> Train Loss: 0.011090826969500162
-> Testing
-> Test Loss: 0.03733425130570928
1227
1494
1500
-> Accuracy of the top 1 81.8%
-> Accuracy of the top 5 99.6%
----------------------- epoch 19---------------------------
-> Train Loss: 0.010858365755147571
-> Testing
-> Test Loss: 0.03463592873886227
1245
1490
1500
-> Accuracy of the top 1 83.0%
-> Accuracy of the top 5 99.33333333333333%
----------------------- epoch 20---------------------------
-> Train Loss: 0.009971579159664573
-> Testing
-> Test Loss: 0.03258702148248752
1260
1493
1500
-> Accuracy of the top 1 84.0%
-> Accuracy of the top 5 99.53333333333333%
----------------------- epoch 21---------------------------
-> Train Loss: 0.009670251675131082
-> Testing
-> Test Loss: 0.03248546153058608
1263
1496
1500
-> Accuracy of the top 1 84.2%
-> Accuracy of the top 5 99.73333333333333%
----------------------- epoch 22---------------------------
-> Train Loss: 0.009158048034338296
-> Testing
-> Test Loss: 0.033046550769979754
1269
1497
1500
-> Accuracy of the top 1 84.6%
-> Accuracy of the top 5 99.8%
----------------------- epoch 23---------------------------
-> Train Loss: 0.009697726863581481
-> Testing
-> Test Loss: 0.028700735646610458
1280
1496
1500
-> Accuracy of the top 1 85.33333333333333%
-> Accuracy of the top 5 99.73333333333333%
----------------------- epoch 24---------------------------
-> Train Loss: 0.008937915137514995
-> Testing
-> Test Loss: 0.031732913399736086
1255
1498
1500
-> Accuracy of the top 1 83.66666666666667%
-> Accuracy of the top 5 99.86666666666666%
----------------------- epoch 25---------------------------
-> Train Loss: 0.00909422961043403
-> Testing
-> Test Loss: 0.03006757807979981
1291
1494
1500
-> Accuracy of the top 1 86.06666666666666%
-> Accuracy of the top 5 99.6%
----------------------- epoch 26---------------------------
-> Train Loss: 0.008653617154345091
-> Testing
-> Test Loss: 0.03303107952574889
1268
1491
1500
-> Accuracy of the top 1 84.53333333333333%
-> Accuracy of the top 5 99.4%
----------------------- epoch 27---------------------------
-> Train Loss: 0.00842002228095853
-> Testing
-> Test Loss: 0.03467926379851997
1248
1495
1500
-> Accuracy of the top 1 83.2%
-> Accuracy of the top 5 99.66666666666667%
----------------------- epoch 28---------------------------
-> Train Loss: 0.007154483372623248
-> Testing
-> Test Loss: 0.03332359447951118
1262
1495
1500
-> Accuracy of the top 1 84.13333333333334%
-> Accuracy of the top 5 99.66666666666667%
----------------------- epoch 29---------------------------
-> Train Loss: 0.007526438323222413
-> Testing
-> Test Loss: 0.03680397568767269
1257
1494
1500
-> Accuracy of the top 1 83.8%
-> Accuracy of the top 5 99.6%
----------------------- epoch 30---------------------------
-> Train Loss: 0.007277288264087971
-> Testing
-> Test Loss: 0.03169280129050215
1280
1496
1500
-> Accuracy of the top 1 85.33333333333333%
-> Accuracy of the top 5 99.73333333333333%
----------------------- epoch 31---------------------------
-> Train Loss: 0.006663988373543399
-> Testing
-> Test Loss: 0.031930638826141756
1270
1493
1500
-> Accuracy of the top 1 84.66666666666667%
-> Accuracy of the top 5 99.53333333333333%
----------------------- epoch 32---------------------------
-> Train Loss: 0.007274366111043759
-> Testing
-> Test Loss: 0.036615477832034234
1262
1495
1500
-> Accuracy of the top 1 84.13333333333334%
-> Accuracy of the top 5 99.66666666666667%
----------------------- epoch 33---------------------------
-> Train Loss: 0.00732403691776933
-> Testing
-> Test Loss: 0.033556855045259
1256
1496
1500
-> Accuracy of the top 1 83.73333333333333%
-> Accuracy of the top 5 99.73333333333333%
----------------------- epoch 34---------------------------
-> Train Loss: 0.008368103149295527
-> Testing
-> Test Loss: 0.034548225246369836
1262
1497
1500
-> Accuracy of the top 1 84.13333333333334%
-> Accuracy of the top 5 99.8%
----------------------- epoch 35---------------------------
-> Train Loss: 0.007743587584560035
-> Testing
-> Test Loss: 0.03350932108486692
1267
1495
1500
-> Accuracy of the top 1 84.46666666666667%
-> Accuracy of the top 5 99.66666666666667%
----------------------- epoch 36---------------------------
-> Train Loss: 0.006746284221883995
-> Testing
-> Test Loss: 0.033719196731845535
1267
1496
1500
-> Accuracy of the top 1 84.46666666666667%
-> Accuracy of the top 5 99.73333333333333%
----------------------- epoch 37---------------------------
-> Train Loss: 0.007073968107901027
-> Testing
-> Test Loss: 0.03393601549603045
1265
1498
1500
-> Accuracy of the top 1 84.33333333333333%
-> Accuracy of the top 5 99.86666666666666%
----------------------- epoch 38---------------------------
-> Train Loss: 0.0071805934704078905
-> Testing
-> Test Loss: 0.03541248524685701
1258
1496
1500
-> Accuracy of the top 1 83.86666666666666%
-> Accuracy of the top 5 99.73333333333333%
----------------------- epoch 39---------------------------
-> Train Loss: 0.007710146760198302
-> Testing
-> Test Loss: 0.0332397443006436
1261
1494
1500
-> Accuracy of the top 1 84.06666666666666%
-> Accuracy of the top 5 99.6%
----------------------- epoch 40---------------------------
-> Train Loss: 0.007505364056795186
-> Testing
-> Test Loss: 0.03106413152317206
1278
1498
1500
-> Accuracy of the top 1 85.2%
-> Accuracy of the top 5 99.86666666666666%
----------------------- epoch 41---------------------------
-> Train Loss: 0.0070532482843596485
-> Testing
-> Test Loss: 0.03708830431103707
1264
1497
1500
-> Accuracy of the top 1 84.26666666666667%
-> Accuracy of the top 5 99.8%
----------------------- epoch 42---------------------------
-> Train Loss: 0.0075918178949614295
-> Testing
-> Test Loss: 0.035872704325864715
1263
1495
1500
-> Accuracy of the top 1 84.2%
-> Accuracy of the top 5 99.66666666666667%
----------------------- epoch 43---------------------------
-> Train Loss: 0.006978929076356255
-> Testing
-> Test Loss: 0.03309919074364007
1265
1496
1500
-> Accuracy of the top 1 84.33333333333333%
-> Accuracy of the top 5 99.73333333333333%
----------------------- epoch 44---------------------------
-> Train Loss: 0.006819275675974849
-> Testing
-> Test Loss: 0.035077127390230695
1280
1496
1500
-> Accuracy of the top 1 85.33333333333333%
-> Accuracy of the top 5 99.73333333333333%
----------------------- epoch 45---------------------------
-> Train Loss: 0.007691679391822773
-> Testing
-> Test Loss: 0.039194112688302994
1263
1499
1500
-> Accuracy of the top 1 84.2%
-> Accuracy of the top 5 99.93333333333334%
----------------------- epoch 46---------------------------
-> Train Loss: 0.006882050259731448
-> Testing
-> Test Loss: 0.03426780097559094
1261
1496
1500
-> Accuracy of the top 1 84.06666666666666%
-> Accuracy of the top 5 99.73333333333333%
----------------------- epoch 47---------------------------
-> Train Loss: 0.007494881436333273
-> Testing
-> Test Loss: 0.03434397002061208
1271
1495
1500
-> Accuracy of the top 1 84.73333333333333%
-> Accuracy of the top 5 99.66666666666667%
----------------------- epoch 48---------------------------
-> Train Loss: 0.005786976752232548
-> Testing
-> Test Loss: 0.03326982673257589
1288
1493
1500
-> Accuracy of the top 1 85.86666666666666%
-> Accuracy of the top 5 99.53333333333333%
----------------------- epoch 49---------------------------
-> Train Loss: 0.006475322403386548
-> Testing
-> Test Loss: 0.03456148673221469
1281
1493
1500
-> Accuracy of the top 1 85.4%
-> Accuracy of the top 5 99.53333333333333%
----------------------- epoch 50---------------------------
-> Train Loss: 0.006676096761430703
-> Testing
-> Test Loss: 0.03235970626926671
1269
1496
1500
-> Accuracy of the top 1 84.6%
-> Accuracy of the top 5 99.73333333333333%
----------------------- epoch 51---------------------------
-> Train Loss: 0.005636134061578605
-> Testing
-> Test Loss: 0.034894663762922086
1262
1495
1500
-> Accuracy of the top 1 84.13333333333334%
-> Accuracy of the top 5 99.66666666666667%
----------------------- epoch 52---------------------------
-> Train Loss: 0.0065391054433314956
-> Testing
-> Test Loss: 0.0383476816782107
1256
1495
1500
-> Accuracy of the top 1 83.73333333333333%
-> Accuracy of the top 5 99.66666666666667%
----------------------- epoch 53---------------------------
-> Train Loss: 0.006092426744001096
-> Testing
-> Test Loss: 0.03358078350064655
1270
1497
1500
-> Accuracy of the top 1 84.66666666666667%
-> Accuracy of the top 5 99.8%
----------------------- epoch 54---------------------------
-> Train Loss: 0.006894563413903716
-> Testing
-> Test Loss: 0.033807179134339095
1279
1494
1500
-> Accuracy of the top 1 85.26666666666667%
-> Accuracy of the top 5 99.6%
----------------------- epoch 55---------------------------
-> Train Loss: 0.006791486078171274
-> Testing
-> Test Loss: 0.03854401412109534
1244
1497
1500
-> Accuracy of the top 1 82.93333333333334%
-> Accuracy of the top 5 99.8%
----------------------- epoch 56---------------------------
-> Train Loss: 0.006005839301859008
-> Testing
-> Test Loss: 0.03323755928253134
1288
1497
1500
-> Accuracy of the top 1 85.86666666666666%
-> Accuracy of the top 5 99.8%
----------------------- epoch 57---------------------------
-> Train Loss: 0.00650179266389085
-> Testing
-> Test Loss: 0.034257917835066716
1291
1494
1500
-> Accuracy of the top 1 86.06666666666666%
-> Accuracy of the top 5 99.6%
----------------------- epoch 58---------------------------
-> Train Loss: 0.006596685930153658
-> Testing
-> Test Loss: 0.03162930850312114
1294
1495
1500
-> Accuracy of the top 1 86.26666666666667%
-> Accuracy of the top 5 99.66666666666667%
----------------------- epoch 59---------------------------
-> Train Loss: 0.0065110182175116375
-> Testing
-> Test Loss: 0.036510333607594175
1278
1496
1500
-> Accuracy of the top 1 85.2%
-> Accuracy of the top 5 99.73333333333333%
----------------------- epoch 0---------------------------
-> Train Loss: 0.053579477324357985
-> Testing
-> Test Loss: 0.04153424263000488
1134
1486
1500
-> Accuracy of the top 1 75.6%
-> Accuracy of the top 5 99.06666666666666%
----------------------- epoch 1---------------------------
-> Train Loss: 0.029686099554176507
-> Testing
-> Test Loss: 0.031202954319616158
1229
1494
1500
-> Accuracy of the top 1 81.93333333333334%
-> Accuracy of the top 5 99.6%
----------------------- epoch 2---------------------------
-> Train Loss: 0.022486180014022233
-> Testing
-> Test Loss: 0.03133185875788331
1243
1487
1500
-> Accuracy of the top 1 82.86666666666666%
-> Accuracy of the top 5 99.13333333333334%
----------------------- epoch 3---------------------------
-> Train Loss: 0.017865620134788342
-> Testing
-> Test Loss: 0.029204272950689
1261
1490
1500
-> Accuracy of the top 1 84.06666666666666%
-> Accuracy of the top 5 99.33333333333333%
----------------------- epoch 4---------------------------
-> Train Loss: 0.014419179815343477
-> Testing
-> Test Loss: 0.02932773626347383
1259
1491
1500
-> Accuracy of the top 1 83.93333333333334%
-> Accuracy of the top 5 99.4%
----------------------- epoch 5---------------------------
-> Train Loss: 0.011597452400692144
-> Testing
-> Test Loss: 0.029193319546679655
1278
1493
1500
-> Accuracy of the top 1 85.2%
-> Accuracy of the top 5 99.53333333333333%
----------------------- epoch 6---------------------------
-> Train Loss: 0.01169562401691486
-> Testing
-> Test Loss: 0.029706243654092152
1282
1497
1500
-> Accuracy of the top 1 85.46666666666667%
-> Accuracy of the top 5 99.8%
----------------------- epoch 7---------------------------
-> Train Loss: 0.008347785459531836
-> Testing
-> Test Loss: 0.034468911834061144
1248
1491
1500
-> Accuracy of the top 1 83.2%
-> Accuracy of the top 5 99.4%
----------------------- epoch 8---------------------------
-> Train Loss: 0.007862914508985514
-> Testing
-> Test Loss: 0.03229435543591778
1281
1494
1500
-> Accuracy of the top 1 85.4%
-> Accuracy of the top 5 99.6%
----------------------- epoch 9---------------------------
-> Train Loss: 0.007596387908524105
-> Testing
-> Test Loss: 0.031622722126543525
1271
1497
1500
-> Accuracy of the top 1 84.73333333333333%
-> Accuracy of the top 5 99.8%
----------------------- epoch 10---------------------------
-> Train Loss: 0.005611957045282913
-> Testing
-> Test Loss: 0.03260711933175723
1290
1492
1500
-> Accuracy of the top 1 86.0%
-> Accuracy of the top 5 99.46666666666667%
----------------------- epoch 11---------------------------
-> Train Loss: 0.004056838433672807
-> Testing
-> Test Loss: 0.034200796314825616
1284
1494
1500
-> Accuracy of the top 1 85.6%
-> Accuracy of the top 5 99.6%
----------------------- epoch 12---------------------------
-> Train Loss: 0.005064172215245538
-> Testing
-> Test Loss: 0.03490620623032252
1270
1499
1500
-> Accuracy of the top 1 84.66666666666667%
-> Accuracy of the top 5 99.93333333333334%
----------------------- epoch 13---------------------------
-> Train Loss: 0.0030363970870568246
-> Testing
-> Test Loss: 0.03335008495363096
1294
1494
1500
-> Accuracy of the top 1 86.26666666666667%
-> Accuracy of the top 5 99.6%
----------------------- epoch 14---------------------------
-> Train Loss: 0.004741868232173098
-> Testing
-> Test Loss: 0.033018858248988786
1280
1495
1500
-> Accuracy of the top 1 85.33333333333333%
-> Accuracy of the top 5 99.66666666666667%
----------------------- epoch 15---------------------------
-> Train Loss: 0.0027342844408136517
-> Testing
-> Test Loss: 0.03321537971356884
1289
1491
1500
-> Accuracy of the top 1 85.93333333333334%
-> Accuracy of the top 5 99.4%
----------------------- epoch 16---------------------------
-> Train Loss: 0.004350145353009869
-> Testing
-> Test Loss: 0.04072238817811012
1220
1490
1500
-> Accuracy of the top 1 81.33333333333333%
-> Accuracy of the top 5 99.33333333333333%
----------------------- epoch 17---------------------------
-> Train Loss: 0.003978327907979882
-> Testing
-> Test Loss: 0.03533111008753379
1272
1488
1500
-> Accuracy of the top 1 84.8%
-> Accuracy of the top 5 99.2%
----------------------- epoch 18---------------------------
-> Train Loss: 0.0032602721593459525
-> Testing
-> Test Loss: 0.03591522303332264
1293
1494
1500
-> Accuracy of the top 1 86.2%
-> Accuracy of the top 5 99.6%
----------------------- epoch 19---------------------------
-> Train Loss: 0.002821547617397538
-> Testing
-> Test Loss: 0.030377963457460282
1323
1498
1500
-> Accuracy of the top 1 88.2%
-> Accuracy of the top 5 99.86666666666666%
----------------------- epoch 20---------------------------
-> Train Loss: 0.0034025571037589308
-> Testing
-> Test Loss: 0.03656360773121317
1276
1493
1500
-> Accuracy of the top 1 85.06666666666666%
-> Accuracy of the top 5 99.53333333333333%
----------------------- epoch 21---------------------------
-> Train Loss: 0.0013333665417275533
-> Testing
-> Test Loss: 0.03738159054859231
1286
1491
1500
-> Accuracy of the top 1 85.73333333333333%
-> Accuracy of the top 5 99.4%
----------------------- epoch 22---------------------------
-> Train Loss: 0.0011100544689303217
-> Testing
-> Test Loss: 0.034116829057224095
1316
1491
1500
-> Accuracy of the top 1 87.73333333333333%
-> Accuracy of the top 5 99.4%
----------------------- epoch 23---------------------------
-> Train Loss: 0.0017769234165414436
-> Testing
-> Test Loss: 0.03316016403182099
1309
1494
1500
-> Accuracy of the top 1 87.26666666666667%
-> Accuracy of the top 5 99.6%
----------------------- epoch 24---------------------------
-> Train Loss: 0.0025887998726031834
-> Testing
-> Test Loss: 0.039113799049829444
1280
1491
1500
-> Accuracy of the top 1 85.33333333333333%
-> Accuracy of the top 5 99.4%
----------------------- epoch 25---------------------------
-> Train Loss: 0.0027569550821960123
-> Testing
-> Test Loss: 0.035627927290896574
1293
1491
1500
-> Accuracy of the top 1 86.2%
-> Accuracy of the top 5 99.4%
----------------------- epoch 26---------------------------
-> Train Loss: 0.0013244171580821362
-> Testing
-> Test Loss: 0.03162204680281381
1333
1496
1500
-> Accuracy of the top 1 88.86666666666666%
-> Accuracy of the top 5 99.73333333333333%
----------------------- epoch 27---------------------------
-> Train Loss: 0.0012434074884023576
-> Testing
-> Test Loss: 0.04018163816537708
1293
1493
1500
-> Accuracy of the top 1 86.2%
-> Accuracy of the top 5 99.53333333333333%
----------------------- epoch 28---------------------------
-> Train Loss: 0.0021132889115239657
-> Testing
-> Test Loss: 0.03474742423649877
1299
1496
1500
-> Accuracy of the top 1 86.6%
-> Accuracy of the top 5 99.73333333333333%
----------------------- epoch 29---------------------------
-> Train Loss: 0.0016047847238341987
-> Testing
-> Test Loss: 0.045142978278299176
1286
1490
1500
-> Accuracy of the top 1 85.73333333333333%
-> Accuracy of the top 5 99.33333333333333%
----------------------- epoch 30---------------------------
-> Train Loss: 0.0021842842169205066
-> Testing
-> Test Loss: 0.033818589731274794
1318
1496
1500
-> Accuracy of the top 1 87.86666666666666%
-> Accuracy of the top 5 99.73333333333333%
----------------------- epoch 31---------------------------
-> Train Loss: 0.0017086564420425634
-> Testing
-> Test Loss: 0.03654180721892044
1297
1496
1500
-> Accuracy of the top 1 86.46666666666667%
-> Accuracy of the top 5 99.73333333333333%
----------------------- epoch 32---------------------------
-> Train Loss: 0.0011889364554590308
-> Testing
-> Test Loss: 0.037768005604525874
1289
1496
1500
-> Accuracy of the top 1 85.93333333333334%
-> Accuracy of the top 5 99.73333333333333%
----------------------- epoch 33---------------------------
-> Train Loss: 0.000933271949359846
-> Testing
-> Test Loss: 0.037246161409576116
1309
1493
1500
-> Accuracy of the top 1 87.26666666666667%
-> Accuracy of the top 5 99.53333333333333%
----------------------- epoch 34---------------------------
-> Train Loss: 0.000899278888423556
-> Testing
-> Test Loss: 0.04093432178810084
1280
1499
1500
-> Accuracy of the top 1 85.33333333333333%
-> Accuracy of the top 5 99.93333333333334%
----------------------- epoch 35---------------------------
-> Train Loss: 0.0009908092256091473
-> Testing
-> Test Loss: 0.03739276197180152
1304
1494
1500
-> Accuracy of the top 1 86.93333333333334%
-> Accuracy of the top 5 99.6%
----------------------- epoch 36---------------------------
-> Train Loss: 0.0014375113445615718
-> Testing
-> Test Loss: 0.041984679215898116
1288
1491
1500
-> Accuracy of the top 1 85.86666666666666%
-> Accuracy of the top 5 99.4%
----------------------- epoch 37---------------------------
-> Train Loss: 0.0005504125187647118
-> Testing
-> Test Loss: 0.03906232318778833
1304
1497
1500
-> Accuracy of the top 1 86.93333333333334%
-> Accuracy of the top 5 99.8%
----------------------- epoch 38---------------------------
-> Train Loss: 0.0019410325525106777
-> Testing
-> Test Loss: 0.036618720753118394
1289
1492
1500
-> Accuracy of the top 1 85.93333333333334%
-> Accuracy of the top 5 99.46666666666667%
----------------------- epoch 39---------------------------
-> Train Loss: 0.0008707769952076462
-> Testing
-> Test Loss: 0.035016050898702814
1312
1494
1500
-> Accuracy of the top 1 87.46666666666667%
-> Accuracy of the top 5 99.6%
----------------------- epoch 40---------------------------
-> Train Loss: 0.0011124600705153846
-> Testing
-> Test Loss: 0.03571947155859865
1309
1497
1500
-> Accuracy of the top 1 87.26666666666667%
-> Accuracy of the top 5 99.8%
----------------------- epoch 41---------------------------
-> Train Loss: 0.0007666127010388344
-> Testing
-> Test Loss: 0.03491535413160454
1309
1491
1500
-> Accuracy of the top 1 87.26666666666667%
-> Accuracy of the top 5 99.4%
----------------------- epoch 42---------------------------
-> Train Loss: 0.000470871514088475
-> Testing
-> Test Loss: 0.03577407972374931
1316
1496
1500
-> Accuracy of the top 1 87.73333333333333%
-> Accuracy of the top 5 99.73333333333333%
----------------------- epoch 43---------------------------
-> Train Loss: 0.0012003701885318749
-> Testing
-> Test Loss: 0.03679937828394274
1315
1492
1500
-> Accuracy of the top 1 87.66666666666667%
-> Accuracy of the top 5 99.46666666666667%
----------------------- epoch 44---------------------------
-> Train Loss: 0.002074594011835541
-> Testing
-> Test Loss: 0.035595944830022444
1296
1495
1500
-> Accuracy of the top 1 86.4%
-> Accuracy of the top 5 99.66666666666667%
----------------------- epoch 45---------------------------
-> Train Loss: 0.0009890190469426308
-> Testing
-> Test Loss: 0.03305585947446525
1324
1497
1500
-> Accuracy of the top 1 88.26666666666667%
-> Accuracy of the top 5 99.8%
----------------------- epoch 46---------------------------
-> Train Loss: 0.00088764842007237
-> Testing
-> Test Loss: 0.03677974277412674
1310
1498
1500
-> Accuracy of the top 1 87.33333333333333%
-> Accuracy of the top 5 99.86666666666666%
----------------------- epoch 47---------------------------
-> Train Loss: 0.0006393452195773304
-> Testing
-> Test Loss: 0.03276408168720082
1320
1491
1500
-> Accuracy of the top 1 88.0%
-> Accuracy of the top 5 99.4%
----------------------- epoch 48---------------------------
-> Train Loss: 0.00017999155675162568
-> Testing
-> Test Loss: 0.03706436846478998
1320
1497
1500
-> Accuracy of the top 1 88.0%
-> Accuracy of the top 5 99.8%
----------------------- epoch 49---------------------------
-> Train Loss: 0.00012166275890033326
-> Testing
-> Test Loss: 0.037265032143332065
1331
1497
1500
-> Accuracy of the top 1 88.73333333333333%
-> Accuracy of the top 5 99.8%
----------------------- epoch 50---------------------------
-> Train Loss: 0.0004655215772848136
-> Testing
-> Test Loss: 0.03504967043970828
1313
1496
1500
-> Accuracy of the top 1 87.53333333333333%
-> Accuracy of the top 5 99.73333333333333%
----------------------- epoch 51---------------------------
-> Train Loss: 0.00019010334961435616
-> Testing
-> Test Loss: 0.039723735076685744
1323
1497
1500
-> Accuracy of the top 1 88.2%
-> Accuracy of the top 5 99.8%
----------------------- epoch 52---------------------------
-> Train Loss: 0.0005692284198141634
-> Testing
-> Test Loss: 0.03744288059975952
1306
1496
1500
-> Accuracy of the top 1 87.06666666666666%
-> Accuracy of the top 5 99.73333333333333%
----------------------- epoch 53---------------------------
-> Train Loss: 0.0007230788939829548
-> Testing
-> Test Loss: 0.036821200740911685
1317
1494
1500
-> Accuracy of the top 1 87.8%
-> Accuracy of the top 5 99.6%
----------------------- epoch 54---------------------------
-> Train Loss: 0.00020235471109593953
-> Testing
-> Test Loss: 0.038099742159014564
1322
1492
1500
-> Accuracy of the top 1 88.13333333333334%
-> Accuracy of the top 5 99.46666666666667%
----------------------- epoch 55---------------------------
-> Train Loss: 0.001134431296369734
-> Testing
-> Test Loss: 0.04324918398416291
1289
1484
1500
-> Accuracy of the top 1 85.93333333333334%
-> Accuracy of the top 5 98.93333333333334%
----------------------- epoch 56---------------------------
-> Train Loss: 0.000422212906865277
-> Testing
-> Test Loss: 0.03685867189538355
1324
1496
1500
-> Accuracy of the top 1 88.26666666666667%
-> Accuracy of the top 5 99.73333333333333%
----------------------- epoch 57---------------------------
-> Train Loss: 0.0008549197888758109
-> Testing
-> Test Loss: 0.04540029325895011
1287
1489
1500
-> Accuracy of the top 1 85.8%
-> Accuracy of the top 5 99.26666666666667%
----------------------- epoch 58---------------------------
-> Train Loss: 0.0012432380514425007
-> Testing
-> Test Loss: 0.03958818163967226
1304
1487
1500
-> Accuracy of the top 1 86.93333333333334%
-> Accuracy of the top 5 99.13333333333334%
----------------------- epoch 59---------------------------
-> Train Loss: 0.0005141469520140543
-> Testing
-> Test Loss: 0.03927431278633109
1309
1495
1500
-> Accuracy of the top 1 87.26666666666667%
-> Accuracy of the top 5 99.66666666666667%
Total Time: 9667.573459386826
